Log file open, 04/05/24 21:03:58
LogWindows: Failed to load 'aqProf.dll' (GetLastError=126)
LogWindows: File 'aqProf.dll' does not exist
LogWindows: Failed to load 'VtuneApi.dll' (GetLastError=126)
LogWindows: File 'VtuneApi.dll' does not exist
LogWindows: Failed to load 'VtuneApi32e.dll' (GetLastError=126)
LogWindows: File 'VtuneApi32e.dll' does not exist
LogConsoleResponse: Display: Failed to find resolution value strings in scalability ini. Falling back to default.
LogConsoleResponse: Display: Failed to find resolution value strings in scalability ini. Falling back to default.
LogInit: Display: Running engine for game: IliaZaicevSimulator
LogPlatformFile: Not using cached read wrapper
LogTaskGraph: Started task graph with 5 named threads and 14 total threads with 3 sets of task threads.
LogStats: Stats thread started at 0.244712
LogICUInternationalization: ICU TimeZone Detection - Raw Offset: +3:00, Platform Override: ''
LogInit: Display: Loading text-based GConfig....
LogPluginManager: Mounting plugin MeshPainting
LogPluginManager: Mounting plugin XGEController
LogPluginManager: Mounting plugin Paper2D
LogPluginManager: Mounting plugin LiveLink
LogPluginManager: Mounting plugin AISupport
LogPluginManager: Mounting plugin EnvironmentQueryEditor
LogPluginManager: Mounting plugin LightPropagationVolume
LogPluginManager: Mounting plugin CameraShakePreviewer
LogPluginManager: Mounting plugin GameplayCameras
LogPluginManager: Mounting plugin OodleNetwork
LogPluginManager: Mounting plugin OodleData
LogPluginManager: Mounting plugin AssetManagerEditor
LogPluginManager: Mounting plugin CryptoKeys
LogPluginManager: Mounting plugin CurveEditorTools
LogPluginManager: Mounting plugin FacialAnimation
LogPluginManager: Mounting plugin GameplayTagsEditor
LogPluginManager: Mounting plugin GeometryMode
LogPluginManager: Mounting plugin MacGraphicsSwitching
LogPluginManager: Mounting plugin DataValidation
LogPluginManager: Mounting plugin MaterialAnalyzer
LogPluginManager: Mounting plugin MobileLauncherProfileWizard
LogPluginManager: Mounting plugin PluginBrowser
LogPluginManager: Mounting plugin SpeedTreeImporter
LogPluginManager: Mounting plugin DatasmithContent
LogPluginManager: Mounting plugin VariantManagerContent
LogPluginManager: Mounting plugin CLionSourceCodeAccess
LogPluginManager: Mounting plugin CodeLiteSourceCodeAccess
LogPluginManager: Mounting plugin GitSourceControl
LogPluginManager: Mounting plugin KDevelopSourceCodeAccess
LogPluginManager: Mounting plugin NullSourceCodeAccess
LogPluginManager: Mounting plugin PerforceSourceControl
LogPluginManager: Mounting plugin PixWinPlugin
LogPluginManager: Mounting plugin PlasticSourceControl
LogPluginManager: Mounting plugin PluginUtils
LogPluginManager: Mounting plugin AnimationSharing
LogPluginManager: Mounting plugin PropertyAccessNode
LogPluginManager: Mounting plugin RiderSourceCodeAccess
LogPluginManager: Mounting plugin SubversionSourceControl
LogPluginManager: Mounting plugin TextureFormatOodle
LogPluginManager: Mounting plugin UObjectPlugin
LogPluginManager: Mounting plugin VisualStudioCodeSourceCodeAccess
LogPluginManager: Mounting plugin VisualStudioSourceCodeAccess
LogPluginManager: Mounting plugin XCodeSourceCodeAccess
LogPluginManager: Mounting plugin Niagara
LogPluginManager: Mounting plugin AlembicImporter
LogPluginManager: Mounting plugin AutomationUtils
LogPluginManager: Mounting plugin BackChannel
LogPluginManager: Mounting plugin ChaosCloth
LogPluginManager: Mounting plugin ChaosClothEditor
LogPluginManager: Mounting plugin ChaosEditor
LogPluginManager: Mounting plugin ChaosNiagara
LogPluginManager: Mounting plugin ChaosSolverPlugin
LogPluginManager: Mounting plugin CharacterAI
LogPluginManager: Mounting plugin GeometryCache
LogPluginManager: Mounting plugin LuminPlatformFeatures
LogPluginManager: Mounting plugin GeometryCollectionPlugin
LogPluginManager: Mounting plugin MagicLeap
LogPluginManager: Mounting plugin MagicLeapLightEstimation
LogPluginManager: Mounting plugin MagicLeapMedia
LogPluginManager: Mounting plugin MagicLeapPassableWorld
LogPluginManager: Mounting plugin MLSDK
LogPluginManager: Mounting plugin GeometryProcessing
LogPluginManager: Mounting plugin MotoSynth
LogPluginManager: Mounting plugin OpenImageDenoise
LogPluginManager: Mounting plugin PlanarCut
LogPluginManager: Mounting plugin PlatformCrypto
LogPluginManager: Mounting plugin ProxyLODPlugin
LogPluginManager: Mounting plugin PythonScriptPlugin
LogPluginManager: Mounting plugin SkeletalReduction
LogPluginManager: Mounting plugin TcpMessaging
LogPluginManager: Mounting plugin UdpMessaging
LogPluginManager: Mounting plugin ActorSequence
LogPluginManager: Mounting plugin LevelSequenceEditor
LogPluginManager: Mounting plugin MatineeToLevelSequence
LogPluginManager: Mounting plugin TemplateSequence
LogPluginManager: Mounting plugin AndroidMedia
LogPluginManager: Mounting plugin AvfMedia
LogPluginManager: Mounting plugin ImgMedia
LogPluginManager: Mounting plugin MediaCompositing
LogPluginManager: Mounting plugin MediaPlayerEditor
LogPluginManager: Mounting plugin OnlineSubsystem
LogPluginManager: Mounting plugin OnlineSubsystemNull
LogPluginManager: Mounting plugin OnlineSubsystemUtils
LogPluginManager: Mounting plugin WebMMedia
LogPluginManager: Mounting plugin WmfMedia
LogPluginManager: Mounting plugin LauncherChunkInstaller
LogPluginManager: Mounting plugin ActorLayerUtilities
LogPluginManager: Mounting plugin AndroidDeviceProfileSelector
LogPluginManager: Mounting plugin AndroidMoviePlayer
LogPluginManager: Mounting plugin AndroidPermission
LogPluginManager: Mounting plugin AppleImageUtils
LogPluginManager: Mounting plugin AppleMoviePlayer
LogPluginManager: Mounting plugin ArchVisCharacter
LogPluginManager: Mounting plugin AssetTags
LogPluginManager: Mounting plugin AudioCapture
LogPluginManager: Mounting plugin AudioSynesthesia
LogPluginManager: Mounting plugin CableComponent
LogPluginManager: Mounting plugin ChunkDownloader
LogPluginManager: Mounting plugin CustomMeshComponent
LogPluginManager: Mounting plugin EditableMesh
LogPluginManager: Mounting plugin ExampleDeviceProfileSelector
LogPluginManager: Mounting plugin GoogleCloudMessaging
LogPluginManager: Mounting plugin GooglePAD
LogPluginManager: Mounting plugin IOSDeviceProfileSelector
LogPluginManager: Mounting plugin LinuxDeviceProfileSelector
LogPluginManager: Mounting plugin LocationServicesBPLibrary
LogPluginManager: Mounting plugin MobilePatchingUtils
LogPluginManager: Mounting plugin OpenXR
LogPluginManager: Mounting plugin OpenXREyeTracker
LogPluginManager: Mounting plugin OpenXRHandTracking
LogPluginManager: Mounting plugin PhysXVehicles
LogPluginManager: Mounting plugin PostSplashScreen
LogPluginManager: Mounting plugin ScreenshotTools
LogPluginManager: Mounting plugin ProceduralMeshComponent
LogPluginManager: Mounting plugin PropertyAccessEditor
LogPluginManager: Mounting plugin RuntimePhysXCooking
LogPluginManager: Mounting plugin SignificanceManager
LogPluginManager: Mounting plugin SoundFields
LogPluginManager: Mounting plugin Synthesis
LogPluginManager: Mounting plugin WebMMoviePlayer
LogPluginManager: Mounting plugin WindowsMoviePlayer
LogPluginManager: Mounting plugin Takes
LogPluginManager: Mounting plugin ContentBrowserAssetDataSource
LogPluginManager: Mounting plugin ContentBrowserClassDataSource
LogPluginManager: Mounting plugin ContentBrowserFileDataSource
LogPluginManager: Mounting plugin OnlineSubsystemIOS
LogPluginManager: Mounting plugin OnlineSubsystemGooglePlay
LogPluginManager: Mounting plugin OculusVR
LogPluginManager: Mounting plugin SteamVR
PixWinPlugin: PIX capture plugin failed to initialize! Check that the process is launched from PIX.
LogInit: Using libcurl 7.55.1-DEV
LogInit:  - built for x86_64-pc-win32
LogInit:  - supports SSL with OpenSSL/1.1.1
LogInit:  - supports HTTP deflate (compression) using libz 1.2.8
LogInit:  - other features:
LogInit:      CURL_VERSION_SSL
LogInit:      CURL_VERSION_LIBZ
LogInit:      CURL_VERSION_IPV6
LogInit:      CURL_VERSION_ASYNCHDNS
LogInit:      CURL_VERSION_LARGEFILE
LogInit:      CURL_VERSION_IDN
LogInit:  CurlRequestOptions (configurable via config and command line):
LogInit:  - bVerifyPeer = true  - Libcurl will verify peer certificate
LogInit:  - bUseHttpProxy = false  - Libcurl will NOT use HTTP proxy
LogInit:  - bDontReuseConnections = false  - Libcurl will reuse connections
LogInit:  - MaxHostConnections = 16  - Libcurl will limit the number of connections to a host
LogInit:  - LocalHostAddr = Default
LogInit:  - BufferSize = 65536
LogOnline: OSS: Creating online subsystem instance for: NULL
LogInit: WinSock: version 1.1 (2.2), MaxSocks=32767, MaxUdp=65467
LogOnline: OSS: TryLoadSubsystemAndSetDefault: Loaded subsystem for module [NULL]
LogOculusPluginWrapper: OculusPlugin initialized successfully
LogHMD: Failed initializing OVRPlugin 1.59.0
LogInit: Build: ++UE4+Release-4.27-CL-18319896
LogInit: Engine Version: 4.27.2-18319896+++UE4+Release-4.27
LogInit: Compatible Engine Version: 4.27.0-17155196+++UE4+Release-4.27
LogInit: Net CL: 17155196
LogInit: OS: Windows 10 (Release 1809) (), CPU: Intel(R) Core(TM) i3-9100F CPU @ 3.60GHz, GPU: NVIDIA GeForce GTX 1650
LogInit: Compiled (64-bit): Nov 30 2021 07:12:08
LogInit: Compiled with Visual C++: 19.24.28315.00
LogInit: Build Configuration: Development
LogInit: Branch Name: ++UE4+Release-4.27
LogInit: Command Line: 
LogInit: Base Directory: G:/Загрузки/GTAV/UE_4.27/Engine/Binaries/Win64/
LogInit: Allocator: TBB
LogInit: Installed Engine Build: 1
LogDevObjectVersion: Number of dev versions registered: 29
LogDevObjectVersion:   Dev-Blueprints (B0D832E4-1F89-4F0D-ACCF-7EB736FD4AA2): 10
LogDevObjectVersion:   Dev-Build (E1C64328-A22C-4D53-A36C-8E866417BD8C): 0
LogDevObjectVersion:   Dev-Core (375EC13C-06E4-48FB-B500-84F0262A717E): 4
LogDevObjectVersion:   Dev-Editor (E4B068ED-F494-42E9-A231-DA0B2E46BB41): 40
LogDevObjectVersion:   Dev-Framework (CFFC743F-43B0-4480-9391-14DF171D2073): 37
LogDevObjectVersion:   Dev-Mobile (B02B49B5-BB20-44E9-A304-32B752E40360): 3
LogDevObjectVersion:   Dev-Networking (A4E4105C-59A1-49B5-A7C5-40C4547EDFEE): 0
LogDevObjectVersion:   Dev-Online (39C831C9-5AE6-47DC-9A44-9C173E1C8E7C): 0
LogDevObjectVersion:   Dev-Physics (78F01B33-EBEA-4F98-B9B4-84EACCB95AA2): 14
LogDevObjectVersion:   Dev-Platform (6631380F-2D4D-43E0-8009-CF276956A95A): 0
LogDevObjectVersion:   Dev-Rendering (12F88B9F-8875-4AFC-A67C-D90C383ABD29): 45
LogDevObjectVersion:   Dev-Sequencer (7B5AE74C-D270-4C10-A958-57980B212A5A): 13
LogDevObjectVersion:   Dev-VR (D7296918-1DD6-4BDD-9DE2-64A83CC13884): 3
LogDevObjectVersion:   Dev-LoadTimes (C2A15278-BFE7-4AFE-6C17-90FF531DF755): 1
LogDevObjectVersion:   Private-Geometry (6EACA3D4-40EC-4CC1-B786-8BED09428FC5): 3
LogDevObjectVersion:   Dev-AnimPhys (29E575DD-E0A3-4627-9D10-D276232CDCEA): 17
LogDevObjectVersion:   Dev-Anim (AF43A65D-7FD3-4947-9873-3E8ED9C1BB05): 15
LogDevObjectVersion:   Dev-ReflectionCapture (6B266CEC-1EC7-4B8F-A30B-E4D90942FC07): 1
LogDevObjectVersion:   Dev-Automation (0DF73D61-A23F-47EA-B727-89E90C41499A): 1
LogDevObjectVersion:   FortniteMain (601D1886-AC64-4F84-AA16-D3DE0DEAC7D6): 47
LogDevObjectVersion:   FortniteRelease (E7086368-6B23-4C58-8439-1B7016265E91): 1
LogDevObjectVersion:   Dev-Enterprise (9DFFBCD6-494F-0158-E221-12823C92A888): 10
LogDevObjectVersion:   Dev-Niagara (F2AED0AC-9AFE-416F-8664-AA7FFA26D6FC): 1
LogDevObjectVersion:   Dev-Destruction (174F1F0B-B4C6-45A5-B13F-2EE8D0FB917D): 10
LogDevObjectVersion:   Dev-Physics-Ext (35F94A83-E258-406C-A318-09F59610247C): 41
LogDevObjectVersion:   Dev-PhysicsMaterial-Chaos (B68FC16E-8B1B-42E2-B453-215C058844FE): 1
LogDevObjectVersion:   Dev-CineCamera (B2E18506-4273-CFC2-A54E-F4BB758BBA07): 1
LogDevObjectVersion:   Dev-VirtualProduction (64F58936-FD1B-42BA-BA96-7289D5D0FA4E): 1
LogDevObjectVersion:   Dev-MediaFramework (6F0ED827-A609-4895-9C91-998D90180EA4): 2
LogInit: Presizing for max 25165824 objects, including 0 objects not considered by GC, pre-allocating 0 bytes for permanent pool.
LogConfig: Applying CVar settings from Section [/Script/Engine.StreamingSettings] File [G:/play/IliaZaicev-Simulator/IliaZaicevSimulator/Saved/Config/Windows/Engine.ini]
LogConfig: Setting CVar [[s.MinBulkDataSizeForAsyncLoading:131072]]
LogConfig: Setting CVar [[s.AsyncLoadingThreadEnabled:0]]
LogConfig: Setting CVar [[s.EventDrivenLoaderEnabled:1]]
LogConfig: Setting CVar [[s.WarnIfTimeLimitExceeded:0]]
LogConfig: Setting CVar [[s.TimeLimitExceededMultiplier:1.5]]
LogConfig: Setting CVar [[s.TimeLimitExceededMinTime:0.005]]
LogConfig: Setting CVar [[s.UseBackgroundLevelStreaming:1]]
LogConfig: Setting CVar [[s.PriorityAsyncLoadingExtraTime:15.0]]
LogConfig: Setting CVar [[s.LevelStreamingActorsUpdateTimeLimit:5.0]]
LogConfig: Setting CVar [[s.PriorityLevelStreamingActorsUpdateExtraTime:5.0]]
LogConfig: Setting CVar [[s.LevelStreamingComponentsRegistrationGranularity:10]]
LogConfig: Setting CVar [[s.UnregisterComponentsTimeLimit:1.0]]
LogConfig: Setting CVar [[s.LevelStreamingComponentsUnregistrationGranularity:5]]
LogConfig: Setting CVar [[s.FlushStreamingOnExit:1]]
LogInit: Object subsystem initialized
LogConfig: Setting CVar [[con.DebugEarlyDefault:1]]
LogConfig: Setting CVar [[r.setres:1280x720]]
[2024.04.05-18.03.59:200][  0]LogConfig: Setting CVar [[r.VSync:0]]
[2024.04.05-18.03.59:200][  0]LogConfig: Setting CVar [[r.RHICmdBypass:0]]
[2024.04.05-18.03.59:200][  0]LogConfig: Applying CVar settings from Section [/Script/Engine.RendererSettings] File [G:/play/IliaZaicev-Simulator/IliaZaicevSimulator/Saved/Config/Windows/Engine.ini]
[2024.04.05-18.03.59:200][  0]LogConfig: Setting CVar [[r.GPUCrashDebugging:0]]
[2024.04.05-18.03.59:200][  0]LogConfig: Applying CVar settings from Section [/Script/Engine.RendererOverrideSettings] File [G:/play/IliaZaicev-Simulator/IliaZaicevSimulator/Saved/Config/Windows/Engine.ini]
[2024.04.05-18.03.59:200][  0]LogConfig: Applying CVar settings from Section [/Script/Engine.StreamingSettings] File [G:/play/IliaZaicev-Simulator/IliaZaicevSimulator/Saved/Config/Windows/Engine.ini]
[2024.04.05-18.03.59:200][  0]LogConfig: Setting CVar [[s.MinBulkDataSizeForAsyncLoading:131072]]
[2024.04.05-18.03.59:200][  0]LogConfig: Setting CVar [[s.AsyncLoadingThreadEnabled:0]]
[2024.04.05-18.03.59:200][  0]LogConfig: Setting CVar [[s.EventDrivenLoaderEnabled:1]]
[2024.04.05-18.03.59:200][  0]LogConfig: Setting CVar [[s.WarnIfTimeLimitExceeded:0]]
[2024.04.05-18.03.59:200][  0]LogConfig: Setting CVar [[s.TimeLimitExceededMultiplier:1.5]]
[2024.04.05-18.03.59:200][  0]LogConfig: Setting CVar [[s.TimeLimitExceededMinTime:0.005]]
[2024.04.05-18.03.59:200][  0]LogConfig: Setting CVar [[s.UseBackgroundLevelStreaming:1]]
[2024.04.05-18.03.59:200][  0]LogConfig: Setting CVar [[s.PriorityAsyncLoadingExtraTime:15.0]]
[2024.04.05-18.03.59:200][  0]LogConfig: Setting CVar [[s.LevelStreamingActorsUpdateTimeLimit:5.0]]
[2024.04.05-18.03.59:200][  0]LogConfig: Setting CVar [[s.PriorityLevelStreamingActorsUpdateExtraTime:5.0]]
[2024.04.05-18.03.59:200][  0]LogConfig: Setting CVar [[s.LevelStreamingComponentsRegistrationGranularity:10]]
[2024.04.05-18.03.59:200][  0]LogConfig: Setting CVar [[s.UnregisterComponentsTimeLimit:1.0]]
[2024.04.05-18.03.59:200][  0]LogConfig: Setting CVar [[s.LevelStreamingComponentsUnregistrationGranularity:5]]
[2024.04.05-18.03.59:200][  0]LogConfig: Setting CVar [[s.FlushStreamingOnExit:1]]
[2024.04.05-18.03.59:200][  0]LogConfig: Applying CVar settings from Section [/Script/Engine.GarbageCollectionSettings] File [G:/play/IliaZaicev-Simulator/IliaZaicevSimulator/Saved/Config/Windows/Engine.ini]
[2024.04.05-18.03.59:200][  0]LogConfig: Setting CVar [[gc.MaxObjectsNotConsideredByGC:1]]
[2024.04.05-18.03.59:200][  0]LogConfig: Setting CVar [[gc.SizeOfPermanentObjectPool:0]]
[2024.04.05-18.03.59:200][  0]LogConfig: Setting CVar [[gc.FlushStreamingOnGC:0]]
[2024.04.05-18.03.59:200][  0]LogConfig: Setting CVar [[gc.NumRetriesBeforeForcingGC:10]]
[2024.04.05-18.03.59:200][  0]LogConfig: Setting CVar [[gc.AllowParallelGC:1]]
[2024.04.05-18.03.59:200][  0]LogConfig: Setting CVar [[gc.TimeBetweenPurgingPendingKillObjects:61.1]]
[2024.04.05-18.03.59:200][  0]LogConfig: Setting CVar [[gc.MaxObjectsInEditor:25165824]]
[2024.04.05-18.03.59:200][  0]LogConfig: Setting CVar [[gc.IncrementalBeginDestroyEnabled:1]]
[2024.04.05-18.03.59:200][  0]LogConfig: Setting CVar [[gc.CreateGCClusters:1]]
[2024.04.05-18.03.59:200][  0]LogConfig: Setting CVar [[gc.MinGCClusterSize:5]]
[2024.04.05-18.03.59:200][  0]LogConfig: Setting CVar [[gc.ActorClusteringEnabled:0]]
[2024.04.05-18.03.59:200][  0]LogConfig: Setting CVar [[gc.BlueprintClusteringEnabled:0]]
[2024.04.05-18.03.59:200][  0]LogConfig: Setting CVar [[gc.UseDisregardForGCOnDedicatedServers:0]]
[2024.04.05-18.03.59:200][  0]LogConfig: Setting CVar [[gc.MultithreadedDestructionEnabled:1]]
[2024.04.05-18.03.59:200][  0]LogConfig: Applying CVar settings from Section [/Script/Engine.NetworkSettings] File [G:/play/IliaZaicev-Simulator/IliaZaicevSimulator/Saved/Config/Windows/Engine.ini]
[2024.04.05-18.03.59:200][  0]LogConfig: Applying CVar settings from Section [/Script/UnrealEd.CookerSettings] File [G:/play/IliaZaicev-Simulator/IliaZaicevSimulator/Saved/Config/Windows/Engine.ini]
[2024.04.05-18.03.59:204][  0]LogConfig: Applying CVar settings from Section [ViewDistanceQuality@3] File [G:/play/IliaZaicev-Simulator/IliaZaicevSimulator/Saved/Config/Windows/Scalability.ini]
[2024.04.05-18.03.59:204][  0]LogConfig: Setting CVar [[r.SkeletalMeshLODBias:0]]
[2024.04.05-18.03.59:204][  0]LogConfig: Setting CVar [[r.ViewDistanceScale:1.0]]
[2024.04.05-18.03.59:204][  0]LogConfig: Applying CVar settings from Section [AntiAliasingQuality@3] File [G:/play/IliaZaicev-Simulator/IliaZaicevSimulator/Saved/Config/Windows/Scalability.ini]
[2024.04.05-18.03.59:204][  0]LogConfig: Setting CVar [[r.PostProcessAAQuality:4]]
[2024.04.05-18.03.59:204][  0]LogConfig: Applying CVar settings from Section [ShadowQuality@3] File [G:/play/IliaZaicev-Simulator/IliaZaicevSimulator/Saved/Config/Windows/Scalability.ini]
[2024.04.05-18.03.59:204][  0]LogConfig: Setting CVar [[r.LightFunctionQuality:1]]
[2024.04.05-18.03.59:204][  0]LogConfig: Setting CVar [[r.ShadowQuality:5]]
[2024.04.05-18.03.59:204][  0]LogConfig: Setting CVar [[r.Shadow.CSM.MaxCascades:10]]
[2024.04.05-18.03.59:204][  0]LogConfig: Setting CVar [[r.Shadow.MaxResolution:2048]]
[2024.04.05-18.03.59:204][  0]LogConfig: Setting CVar [[r.Shadow.MaxCSMResolution:2048]]
[2024.04.05-18.03.59:204][  0]LogConfig: Setting CVar [[r.Shadow.RadiusThreshold:0.01]]
[2024.04.05-18.03.59:204][  0]LogConfig: Setting CVar [[r.Shadow.DistanceScale:1.0]]
[2024.04.05-18.03.59:204][  0]LogConfig: Setting CVar [[r.Shadow.CSM.TransitionScale:1.0]]
[2024.04.05-18.03.59:204][  0]LogConfig: Setting CVar [[r.Shadow.PreShadowResolutionFactor:1.0]]
[2024.04.05-18.03.59:204][  0]LogConfig: Setting CVar [[r.DistanceFieldShadowing:1]]
[2024.04.05-18.03.59:204][  0]LogConfig: Setting CVar [[r.DistanceFieldAO:1]]
[2024.04.05-18.03.59:204][  0]LogConfig: Setting CVar [[r.AOQuality:2]]
[2024.04.05-18.03.59:204][  0]LogConfig: Setting CVar [[r.VolumetricFog:1]]
[2024.04.05-18.03.59:204][  0]LogConfig: Setting CVar [[r.VolumetricFog.GridPixelSize:8]]
[2024.04.05-18.03.59:204][  0]LogConfig: Setting CVar [[r.VolumetricFog.GridSizeZ:128]]
[2024.04.05-18.03.59:204][  0]LogConfig: Setting CVar [[r.VolumetricFog.HistoryMissSupersampleCount:4]]
[2024.04.05-18.03.59:204][  0]LogConfig: Setting CVar [[r.LightMaxDrawDistanceScale:1]]
[2024.04.05-18.03.59:204][  0]LogConfig: Setting CVar [[r.CapsuleShadows:1]]
[2024.04.05-18.03.59:204][  0]LogConfig: Applying CVar settings from Section [PostProcessQuality@3] File [G:/play/IliaZaicev-Simulator/IliaZaicevSimulator/Saved/Config/Windows/Scalability.ini]
[2024.04.05-18.03.59:204][  0]LogConfig: Setting CVar [[r.MotionBlurQuality:4]]
[2024.04.05-18.03.59:204][  0]LogConfig: Setting CVar [[r.AmbientOcclusionMipLevelFactor:0.4]]
[2024.04.05-18.03.59:204][  0]LogConfig: Setting CVar [[r.AmbientOcclusionMaxQuality:100]]
[2024.04.05-18.03.59:204][  0]LogConfig: Setting CVar [[r.AmbientOcclusionLevels:-1]]
[2024.04.05-18.03.59:204][  0]LogConfig: Setting CVar [[r.AmbientOcclusionRadiusScale:1.0]]
[2024.04.05-18.03.59:204][  0]LogConfig: Setting CVar [[r.DepthOfFieldQuality:2]]
[2024.04.05-18.03.59:204][  0]LogConfig: Setting CVar [[r.RenderTargetPoolMin:400]]
[2024.04.05-18.03.59:204][  0]LogConfig: Setting CVar [[r.LensFlareQuality:2]]
[2024.04.05-18.03.59:204][  0]LogConfig: Setting CVar [[r.SceneColorFringeQuality:1]]
[2024.04.05-18.03.59:204][  0]LogConfig: Setting CVar [[r.EyeAdaptationQuality:2]]
[2024.04.05-18.03.59:204][  0]LogConfig: Setting CVar [[r.BloomQuality:5]]
[2024.04.05-18.03.59:204][  0]LogConfig: Setting CVar [[r.FastBlurThreshold:100]]
[2024.04.05-18.03.59:204][  0]LogConfig: Setting CVar [[r.Upscale.Quality:3]]
[2024.04.05-18.03.59:204][  0]LogConfig: Setting CVar [[r.Tonemapper.GrainQuantization:1]]
[2024.04.05-18.03.59:204][  0]LogConfig: Setting CVar [[r.LightShaftQuality:1]]
[2024.04.05-18.03.59:204][  0]LogConfig: Setting CVar [[r.Filter.SizeScale:1]]
[2024.04.05-18.03.59:204][  0]LogConfig: Setting CVar [[r.Tonemapper.Quality:5]]
[2024.04.05-18.03.59:204][  0]LogConfig: Setting CVar [[r.DOF.Gather.AccumulatorQuality:1        ; higher gathering accumulator quality]]
[2024.04.05-18.03.59:204][  0]LogConfig: Setting CVar [[r.DOF.Gather.PostfilterMethod:1          ; Median3x3 postfilering method]]
[2024.04.05-18.03.59:204][  0]LogConfig: Setting CVar [[r.DOF.Gather.EnableBokehSettings:0       ; no bokeh simulation when gathering]]
[2024.04.05-18.03.59:204][  0]LogConfig: Setting CVar [[r.DOF.Gather.RingCount:4                 ; medium number of samples when gathering]]
[2024.04.05-18.03.59:205][  0]LogConfig: Setting CVar [[r.DOF.Scatter.ForegroundCompositing:1    ; additive foreground scattering]]
[2024.04.05-18.03.59:205][  0]LogConfig: Setting CVar [[r.DOF.Scatter.BackgroundCompositing:2    ; additive background scattering]]
[2024.04.05-18.03.59:205][  0]LogConfig: Setting CVar [[r.DOF.Scatter.EnableBokehSettings:1      ; bokeh simulation when scattering]]
[2024.04.05-18.03.59:205][  0]LogConfig: Setting CVar [[r.DOF.Scatter.MaxSpriteRatio:0.1         ; only a maximum of 10% of scattered bokeh]]
[2024.04.05-18.03.59:205][  0]LogConfig: Setting CVar [[r.DOF.Recombine.Quality:1                ; cheap slight out of focus]]
[2024.04.05-18.03.59:205][  0]LogConfig: Setting CVar [[r.DOF.Recombine.EnableBokehSettings:0    ; no bokeh simulation on slight out of focus]]
[2024.04.05-18.03.59:205][  0]LogConfig: Setting CVar [[r.DOF.TemporalAAQuality:1                ; more stable temporal accumulation]]
[2024.04.05-18.03.59:205][  0]LogConfig: Setting CVar [[r.DOF.Kernel.MaxForegroundRadius:0.025]]
[2024.04.05-18.03.59:205][  0]LogConfig: Setting CVar [[r.DOF.Kernel.MaxBackgroundRadius:0.025]]
[2024.04.05-18.03.59:205][  0]LogConfig: Applying CVar settings from Section [TextureQuality@3] File [G:/play/IliaZaicev-Simulator/IliaZaicevSimulator/Saved/Config/Windows/Scalability.ini]
[2024.04.05-18.03.59:205][  0]LogConfig: Setting CVar [[r.Streaming.MipBias:0]]
[2024.04.05-18.03.59:205][  0]LogConfig: Setting CVar [[r.Streaming.AmortizeCPUToGPUCopy:0]]
[2024.04.05-18.03.59:205][  0]LogConfig: Setting CVar [[r.Streaming.MaxNumTexturesToStreamPerFrame:0]]
[2024.04.05-18.03.59:205][  0]LogConfig: Setting CVar [[r.Streaming.Boost:1]]
[2024.04.05-18.03.59:205][  0]LogConfig: Setting CVar [[r.MaxAnisotropy:8]]
[2024.04.05-18.03.59:205][  0]LogConfig: Setting CVar [[r.VT.MaxAnisotropy:8]]
[2024.04.05-18.03.59:205][  0]LogConfig: Setting CVar [[r.Streaming.LimitPoolSizeToVRAM:0]]
[2024.04.05-18.03.59:205][  0]LogConfig: Setting CVar [[r.Streaming.PoolSize:1000]]
[2024.04.05-18.03.59:205][  0]LogConfig: Setting CVar [[r.Streaming.MaxEffectiveScreenSize:0]]
[2024.04.05-18.03.59:205][  0]LogConfig: Applying CVar settings from Section [EffectsQuality@3] File [G:/play/IliaZaicev-Simulator/IliaZaicevSimulator/Saved/Config/Windows/Scalability.ini]
[2024.04.05-18.03.59:205][  0]LogConfig: Setting CVar [[r.TranslucencyLightingVolumeDim:64]]
[2024.04.05-18.03.59:205][  0]LogConfig: Setting CVar [[r.RefractionQuality:2]]
[2024.04.05-18.03.59:205][  0]LogConfig: Setting CVar [[r.SSR.Quality:3]]
[2024.04.05-18.03.59:205][  0]LogConfig: Setting CVar [[r.SSR.HalfResSceneColor:0]]
[2024.04.05-18.03.59:205][  0]LogConfig: Setting CVar [[r.SceneColorFormat:4]]
[2024.04.05-18.03.59:205][  0]LogConfig: Setting CVar [[r.DetailMode:2]]
[2024.04.05-18.03.59:205][  0]LogConfig: Setting CVar [[r.TranslucencyVolumeBlur:1]]
[2024.04.05-18.03.59:205][  0]LogConfig: Setting CVar [[r.MaterialQualityLevel:1 ; High quality]]
[2024.04.05-18.03.59:205][  0]LogConfig: Setting CVar [[r.AnisotropicMaterials:1]]
[2024.04.05-18.03.59:205][  0]LogConfig: Setting CVar [[r.SSS.Scale:1]]
[2024.04.05-18.03.59:205][  0]LogConfig: Setting CVar [[r.SSS.SampleSet:2]]
[2024.04.05-18.03.59:205][  0]LogConfig: Setting CVar [[r.SSS.Quality:1]]
[2024.04.05-18.03.59:205][  0]LogConfig: Setting CVar [[r.SSS.HalfRes:0]]
[2024.04.05-18.03.59:205][  0]LogConfig: Setting CVar [[r.SSGI.Quality:3]]
[2024.04.05-18.03.59:205][  0]LogConfig: Setting CVar [[r.EmitterSpawnRateScale:1.0]]
[2024.04.05-18.03.59:205][  0]LogConfig: Setting CVar [[r.ParticleLightQuality:2]]
[2024.04.05-18.03.59:205][  0]LogConfig: Setting CVar [[r.SkyAtmosphere.AerialPerspectiveLUT.FastApplyOnOpaque:1 ; Always have FastSkyLUT 1 in this case to avoid wrong sky]]
[2024.04.05-18.03.59:205][  0]LogConfig: Setting CVar [[r.SkyAtmosphere.AerialPerspectiveLUT.SampleCountMaxPerSlice:4]]
[2024.04.05-18.03.59:205][  0]LogConfig: Setting CVar [[r.SkyAtmosphere.AerialPerspectiveLUT.DepthResolution:16.0]]
[2024.04.05-18.03.59:205][  0]LogConfig: Setting CVar [[r.SkyAtmosphere.FastSkyLUT:1]]
[2024.04.05-18.03.59:205][  0]LogConfig: Setting CVar [[r.SkyAtmosphere.FastSkyLUT.SampleCountMin:4.0]]
[2024.04.05-18.03.59:205][  0]LogConfig: Setting CVar [[r.SkyAtmosphere.FastSkyLUT.SampleCountMax:128.0]]
[2024.04.05-18.03.59:205][  0]LogConfig: Setting CVar [[r.SkyAtmosphere.SampleCountMin:4.0]]
[2024.04.05-18.03.59:205][  0]LogConfig: Setting CVar [[r.SkyAtmosphere.SampleCountMax:128.0]]
[2024.04.05-18.03.59:205][  0]LogConfig: Setting CVar [[r.SkyAtmosphere.TransmittanceLUT.UseSmallFormat:0]]
[2024.04.05-18.03.59:205][  0]LogConfig: Setting CVar [[r.SkyAtmosphere.TransmittanceLUT.SampleCount:10.0]]
[2024.04.05-18.03.59:205][  0]LogConfig: Setting CVar [[r.SkyAtmosphere.MultiScatteringLUT.SampleCount:15.0]]
[2024.04.05-18.03.59:205][  0]LogConfig: Setting CVar [[r.SkyLight.RealTimeReflectionCapture:1]]
[2024.04.05-18.03.59:205][  0]LogConfig: Applying CVar settings from Section [FoliageQuality@3] File [G:/play/IliaZaicev-Simulator/IliaZaicevSimulator/Saved/Config/Windows/Scalability.ini]
[2024.04.05-18.03.59:205][  0]LogConfig: Setting CVar [[foliage.DensityScale:1.0]]
[2024.04.05-18.03.59:205][  0]LogConfig: Setting CVar [[grass.DensityScale:1.0]]
[2024.04.05-18.03.59:205][  0]LogConfig: Applying CVar settings from Section [ShadingQuality@3] File [G:/play/IliaZaicev-Simulator/IliaZaicevSimulator/Saved/Config/Windows/Scalability.ini]
[2024.04.05-18.03.59:205][  0]LogConfig: Setting CVar [[r.HairStrands.SkyLighting.IntegrationType:2]]
[2024.04.05-18.03.59:205][  0]LogConfig: Setting CVar [[r.HairStrands.SkyAO.SampleCount:4]]
[2024.04.05-18.03.59:205][  0]LogConfig: Setting CVar [[r.HairStrands.Visibility.MSAA.SamplePerPixel:4]]
[2024.04.05-18.03.59:205][  0]LogInit: Selected Device Profile: [Windows]
[2024.04.05-18.03.59:205][  0]LogInit: Applying CVar settings loaded from the selected device profile: [Windows]
[2024.04.05-18.03.59:205][  0]LogHAL: Display: Platform has ~ 16 GB [17119739904 / 17179869184 / 16], which maps to Larger [LargestMinGB=32, LargerMinGB=12, DefaultMinGB=8, SmallerMinGB=6, SmallestMinGB=0)
[2024.04.05-18.03.59:205][  0]LogInit: Going up to parent DeviceProfile []
[2024.04.05-18.03.59:205][  0]LogConfig: Applying CVar settings from Section [ViewDistanceQuality@3] File [G:/play/IliaZaicev-Simulator/IliaZaicevSimulator/Saved/Config/Windows/Scalability.ini]
[2024.04.05-18.03.59:205][  0]LogConfig: Setting CVar [[r.SkeletalMeshLODBias:0]]
[2024.04.05-18.03.59:205][  0]LogConfig: Setting CVar [[r.ViewDistanceScale:1.0]]
[2024.04.05-18.03.59:205][  0]LogConfig: Applying CVar settings from Section [AntiAliasingQuality@3] File [G:/play/IliaZaicev-Simulator/IliaZaicevSimulator/Saved/Config/Windows/Scalability.ini]
[2024.04.05-18.03.59:205][  0]LogConfig: Setting CVar [[r.PostProcessAAQuality:4]]
[2024.04.05-18.03.59:205][  0]LogConfig: Applying CVar settings from Section [ShadowQuality@3] File [G:/play/IliaZaicev-Simulator/IliaZaicevSimulator/Saved/Config/Windows/Scalability.ini]
[2024.04.05-18.03.59:205][  0]LogConfig: Setting CVar [[r.LightFunctionQuality:1]]
[2024.04.05-18.03.59:205][  0]LogConfig: Setting CVar [[r.ShadowQuality:5]]
[2024.04.05-18.03.59:205][  0]LogConfig: Setting CVar [[r.Shadow.CSM.MaxCascades:10]]
[2024.04.05-18.03.59:205][  0]LogConfig: Setting CVar [[r.Shadow.MaxResolution:2048]]
[2024.04.05-18.03.59:205][  0]LogConfig: Setting CVar [[r.Shadow.MaxCSMResolution:2048]]
[2024.04.05-18.03.59:205][  0]LogConfig: Setting CVar [[r.Shadow.RadiusThreshold:0.01]]
[2024.04.05-18.03.59:205][  0]LogConfig: Setting CVar [[r.Shadow.DistanceScale:1.0]]
[2024.04.05-18.03.59:205][  0]LogConfig: Setting CVar [[r.Shadow.CSM.TransitionScale:1.0]]
[2024.04.05-18.03.59:205][  0]LogConfig: Setting CVar [[r.Shadow.PreShadowResolutionFactor:1.0]]
[2024.04.05-18.03.59:205][  0]LogConfig: Setting CVar [[r.DistanceFieldShadowing:1]]
[2024.04.05-18.03.59:205][  0]LogConfig: Setting CVar [[r.DistanceFieldAO:1]]
[2024.04.05-18.03.59:205][  0]LogConfig: Setting CVar [[r.AOQuality:2]]
[2024.04.05-18.03.59:205][  0]LogConfig: Setting CVar [[r.VolumetricFog:1]]
[2024.04.05-18.03.59:205][  0]LogConfig: Setting CVar [[r.VolumetricFog.GridPixelSize:8]]
[2024.04.05-18.03.59:205][  0]LogConfig: Setting CVar [[r.VolumetricFog.GridSizeZ:128]]
[2024.04.05-18.03.59:205][  0]LogConfig: Setting CVar [[r.VolumetricFog.HistoryMissSupersampleCount:4]]
[2024.04.05-18.03.59:205][  0]LogConfig: Setting CVar [[r.LightMaxDrawDistanceScale:1]]
[2024.04.05-18.03.59:205][  0]LogConfig: Setting CVar [[r.CapsuleShadows:1]]
[2024.04.05-18.03.59:205][  0]LogConfig: Applying CVar settings from Section [PostProcessQuality@3] File [G:/play/IliaZaicev-Simulator/IliaZaicevSimulator/Saved/Config/Windows/Scalability.ini]
[2024.04.05-18.03.59:205][  0]LogConfig: Setting CVar [[r.MotionBlurQuality:4]]
[2024.04.05-18.03.59:205][  0]LogConfig: Setting CVar [[r.AmbientOcclusionMipLevelFactor:0.4]]
[2024.04.05-18.03.59:206][  0]LogConfig: Setting CVar [[r.AmbientOcclusionMaxQuality:100]]
[2024.04.05-18.03.59:206][  0]LogConfig: Setting CVar [[r.AmbientOcclusionLevels:-1]]
[2024.04.05-18.03.59:206][  0]LogConfig: Setting CVar [[r.AmbientOcclusionRadiusScale:1.0]]
[2024.04.05-18.03.59:206][  0]LogConfig: Setting CVar [[r.DepthOfFieldQuality:2]]
[2024.04.05-18.03.59:206][  0]LogConfig: Setting CVar [[r.RenderTargetPoolMin:400]]
[2024.04.05-18.03.59:206][  0]LogConfig: Setting CVar [[r.LensFlareQuality:2]]
[2024.04.05-18.03.59:206][  0]LogConfig: Setting CVar [[r.SceneColorFringeQuality:1]]
[2024.04.05-18.03.59:206][  0]LogConfig: Setting CVar [[r.EyeAdaptationQuality:2]]
[2024.04.05-18.03.59:206][  0]LogConfig: Setting CVar [[r.BloomQuality:5]]
[2024.04.05-18.03.59:206][  0]LogConfig: Setting CVar [[r.FastBlurThreshold:100]]
[2024.04.05-18.03.59:206][  0]LogConfig: Setting CVar [[r.Upscale.Quality:3]]
[2024.04.05-18.03.59:206][  0]LogConfig: Setting CVar [[r.Tonemapper.GrainQuantization:1]]
[2024.04.05-18.03.59:206][  0]LogConfig: Setting CVar [[r.LightShaftQuality:1]]
[2024.04.05-18.03.59:206][  0]LogConfig: Setting CVar [[r.Filter.SizeScale:1]]
[2024.04.05-18.03.59:206][  0]LogConfig: Setting CVar [[r.Tonemapper.Quality:5]]
[2024.04.05-18.03.59:206][  0]LogConfig: Setting CVar [[r.DOF.Gather.AccumulatorQuality:1        ; higher gathering accumulator quality]]
[2024.04.05-18.03.59:206][  0]LogConfig: Setting CVar [[r.DOF.Gather.PostfilterMethod:1          ; Median3x3 postfilering method]]
[2024.04.05-18.03.59:206][  0]LogConfig: Setting CVar [[r.DOF.Gather.EnableBokehSettings:0       ; no bokeh simulation when gathering]]
[2024.04.05-18.03.59:206][  0]LogConfig: Setting CVar [[r.DOF.Gather.RingCount:4                 ; medium number of samples when gathering]]
[2024.04.05-18.03.59:206][  0]LogConfig: Setting CVar [[r.DOF.Scatter.ForegroundCompositing:1    ; additive foreground scattering]]
[2024.04.05-18.03.59:206][  0]LogConfig: Setting CVar [[r.DOF.Scatter.BackgroundCompositing:2    ; additive background scattering]]
[2024.04.05-18.03.59:206][  0]LogConfig: Setting CVar [[r.DOF.Scatter.EnableBokehSettings:1      ; bokeh simulation when scattering]]
[2024.04.05-18.03.59:206][  0]LogConfig: Setting CVar [[r.DOF.Scatter.MaxSpriteRatio:0.1         ; only a maximum of 10% of scattered bokeh]]
[2024.04.05-18.03.59:206][  0]LogConfig: Setting CVar [[r.DOF.Recombine.Quality:1                ; cheap slight out of focus]]
[2024.04.05-18.03.59:206][  0]LogConfig: Setting CVar [[r.DOF.Recombine.EnableBokehSettings:0    ; no bokeh simulation on slight out of focus]]
[2024.04.05-18.03.59:206][  0]LogConfig: Setting CVar [[r.DOF.TemporalAAQuality:1                ; more stable temporal accumulation]]
[2024.04.05-18.03.59:206][  0]LogConfig: Setting CVar [[r.DOF.Kernel.MaxForegroundRadius:0.025]]
[2024.04.05-18.03.59:206][  0]LogConfig: Setting CVar [[r.DOF.Kernel.MaxBackgroundRadius:0.025]]
[2024.04.05-18.03.59:206][  0]LogConfig: Applying CVar settings from Section [TextureQuality@3] File [G:/play/IliaZaicev-Simulator/IliaZaicevSimulator/Saved/Config/Windows/Scalability.ini]
[2024.04.05-18.03.59:206][  0]LogConfig: Setting CVar [[r.Streaming.MipBias:0]]
[2024.04.05-18.03.59:206][  0]LogConfig: Setting CVar [[r.Streaming.AmortizeCPUToGPUCopy:0]]
[2024.04.05-18.03.59:206][  0]LogConfig: Setting CVar [[r.Streaming.MaxNumTexturesToStreamPerFrame:0]]
[2024.04.05-18.03.59:206][  0]LogConfig: Setting CVar [[r.Streaming.Boost:1]]
[2024.04.05-18.03.59:206][  0]LogConfig: Setting CVar [[r.MaxAnisotropy:8]]
[2024.04.05-18.03.59:206][  0]LogConfig: Setting CVar [[r.VT.MaxAnisotropy:8]]
[2024.04.05-18.03.59:206][  0]LogConfig: Setting CVar [[r.Streaming.LimitPoolSizeToVRAM:0]]
[2024.04.05-18.03.59:206][  0]LogConfig: Setting CVar [[r.Streaming.PoolSize:1000]]
[2024.04.05-18.03.59:206][  0]LogConfig: Setting CVar [[r.Streaming.MaxEffectiveScreenSize:0]]
[2024.04.05-18.03.59:206][  0]LogConfig: Applying CVar settings from Section [EffectsQuality@3] File [G:/play/IliaZaicev-Simulator/IliaZaicevSimulator/Saved/Config/Windows/Scalability.ini]
[2024.04.05-18.03.59:206][  0]LogConfig: Setting CVar [[r.TranslucencyLightingVolumeDim:64]]
[2024.04.05-18.03.59:206][  0]LogConfig: Setting CVar [[r.RefractionQuality:2]]
[2024.04.05-18.03.59:206][  0]LogConfig: Setting CVar [[r.SSR.Quality:3]]
[2024.04.05-18.03.59:206][  0]LogConfig: Setting CVar [[r.SSR.HalfResSceneColor:0]]
[2024.04.05-18.03.59:206][  0]LogConfig: Setting CVar [[r.SceneColorFormat:4]]
[2024.04.05-18.03.59:206][  0]LogConfig: Setting CVar [[r.DetailMode:2]]
[2024.04.05-18.03.59:206][  0]LogConfig: Setting CVar [[r.TranslucencyVolumeBlur:1]]
[2024.04.05-18.03.59:206][  0]LogConfig: Setting CVar [[r.MaterialQualityLevel:1 ; High quality]]
[2024.04.05-18.03.59:206][  0]LogConfig: Setting CVar [[r.AnisotropicMaterials:1]]
[2024.04.05-18.03.59:206][  0]LogConfig: Setting CVar [[r.SSS.Scale:1]]
[2024.04.05-18.03.59:206][  0]LogConfig: Setting CVar [[r.SSS.SampleSet:2]]
[2024.04.05-18.03.59:206][  0]LogConfig: Setting CVar [[r.SSS.Quality:1]]
[2024.04.05-18.03.59:206][  0]LogConfig: Setting CVar [[r.SSS.HalfRes:0]]
[2024.04.05-18.03.59:206][  0]LogConfig: Setting CVar [[r.SSGI.Quality:3]]
[2024.04.05-18.03.59:206][  0]LogConfig: Setting CVar [[r.EmitterSpawnRateScale:1.0]]
[2024.04.05-18.03.59:206][  0]LogConfig: Setting CVar [[r.ParticleLightQuality:2]]
[2024.04.05-18.03.59:206][  0]LogConfig: Setting CVar [[r.SkyAtmosphere.AerialPerspectiveLUT.FastApplyOnOpaque:1 ; Always have FastSkyLUT 1 in this case to avoid wrong sky]]
[2024.04.05-18.03.59:206][  0]LogConfig: Setting CVar [[r.SkyAtmosphere.AerialPerspectiveLUT.SampleCountMaxPerSlice:4]]
[2024.04.05-18.03.59:206][  0]LogConfig: Setting CVar [[r.SkyAtmosphere.AerialPerspectiveLUT.DepthResolution:16.0]]
[2024.04.05-18.03.59:206][  0]LogConfig: Setting CVar [[r.SkyAtmosphere.FastSkyLUT:1]]
[2024.04.05-18.03.59:206][  0]LogConfig: Setting CVar [[r.SkyAtmosphere.FastSkyLUT.SampleCountMin:4.0]]
[2024.04.05-18.03.59:206][  0]LogConfig: Setting CVar [[r.SkyAtmosphere.FastSkyLUT.SampleCountMax:128.0]]
[2024.04.05-18.03.59:206][  0]LogConfig: Setting CVar [[r.SkyAtmosphere.SampleCountMin:4.0]]
[2024.04.05-18.03.59:206][  0]LogConfig: Setting CVar [[r.SkyAtmosphere.SampleCountMax:128.0]]
[2024.04.05-18.03.59:206][  0]LogConfig: Setting CVar [[r.SkyAtmosphere.TransmittanceLUT.UseSmallFormat:0]]
[2024.04.05-18.03.59:206][  0]LogConfig: Setting CVar [[r.SkyAtmosphere.TransmittanceLUT.SampleCount:10.0]]
[2024.04.05-18.03.59:206][  0]LogConfig: Setting CVar [[r.SkyAtmosphere.MultiScatteringLUT.SampleCount:15.0]]
[2024.04.05-18.03.59:206][  0]LogConfig: Setting CVar [[r.SkyLight.RealTimeReflectionCapture:1]]
[2024.04.05-18.03.59:206][  0]LogConfig: Applying CVar settings from Section [FoliageQuality@3] File [G:/play/IliaZaicev-Simulator/IliaZaicevSimulator/Saved/Config/Windows/Scalability.ini]
[2024.04.05-18.03.59:206][  0]LogConfig: Setting CVar [[foliage.DensityScale:1.0]]
[2024.04.05-18.03.59:206][  0]LogConfig: Setting CVar [[grass.DensityScale:1.0]]
[2024.04.05-18.03.59:206][  0]LogConfig: Applying CVar settings from Section [ShadingQuality@3] File [G:/play/IliaZaicev-Simulator/IliaZaicevSimulator/Saved/Config/Windows/Scalability.ini]
[2024.04.05-18.03.59:206][  0]LogConfig: Setting CVar [[r.HairStrands.SkyLighting.IntegrationType:2]]
[2024.04.05-18.03.59:206][  0]LogConfig: Setting CVar [[r.HairStrands.SkyAO.SampleCount:4]]
[2024.04.05-18.03.59:206][  0]LogConfig: Setting CVar [[r.HairStrands.Visibility.MSAA.SamplePerPixel:4]]
[2024.04.05-18.03.59:206][  0]LogConfig: Applying CVar settings from Section [Startup] File [../../../Engine/Config/ConsoleVariables.ini]
[2024.04.05-18.03.59:206][  0]LogConfig: Setting CVar [[net.UseAdaptiveNetUpdateFrequency:0]]
[2024.04.05-18.03.59:206][  0]LogConfig: Setting CVar [[p.chaos.AllowCreatePhysxBodies:1]]
[2024.04.05-18.03.59:206][  0]LogConfig: Setting CVar [[fx.SkipVectorVMBackendOptimizations:1]]
[2024.04.05-18.03.59:206][  0]LogConfig: Applying CVar settings from Section [ConsoleVariables] File [G:/play/IliaZaicev-Simulator/IliaZaicevSimulator/Saved/Config/Windows/Engine.ini]
[2024.04.05-18.03.59:206][  0]LogConfig: Applying CVar settings from Section [ConsoleVariables] File [G:/play/IliaZaicev-Simulator/IliaZaicevSimulator/Saved/Config/Windows/Editor.ini]
[2024.04.05-18.03.59:206][  0]LogInit: Computer: COMPUTER
[2024.04.05-18.03.59:206][  0]LogInit: User: User
[2024.04.05-18.03.59:206][  0]LogInit: CPU Page size=4096, Cores=4
[2024.04.05-18.03.59:206][  0]LogInit: High frequency timer resolution =10.000000 MHz
[2024.04.05-18.03.59:207][  0]LogMemory: Memory total: Physical=15.9GB (16GB approx)
[2024.04.05-18.03.59:207][  0]LogMemory: Platform Memory Stats for Windows
[2024.04.05-18.03.59:207][  0]LogMemory: Process Physical Memory: 141.02 MB used, 141.02 MB peak
[2024.04.05-18.03.59:207][  0]LogMemory: Process Virtual Memory: 112.96 MB used, 112.96 MB peak
[2024.04.05-18.03.59:207][  0]LogMemory: Physical Memory: 7024.17 MB used,  9302.49 MB free, 16326.66 MB total
[2024.04.05-18.03.59:207][  0]LogMemory: Virtual Memory: 134201080.00 MB used,  16646.98 MB free, 134217728.00 MB total
[2024.04.05-18.03.59:211][  0]LogWindows: WindowsPlatformFeatures enabled
[2024.04.05-18.03.59:243][  0]LogInit: Physics initialised using underlying interface: PhysX
[2024.04.05-18.03.59:244][  0]LogInit: Using OS detected language (ru-RU).
[2024.04.05-18.03.59:244][  0]LogInit: Using OS detected locale (ru-RU).
[2024.04.05-18.03.59:246][  0]LogTextLocalizationManager: No specific localization for 'ru-RU' exists, so the 'ru' localization will be used.
[2024.04.05-18.03.59:246][  0]LogTextLocalizationResource: LocRes '../../../Engine/Content/Localization/Editor/ru/Editor.locres' could not be opened for reading!
[2024.04.05-18.03.59:246][  0]LogTextLocalizationResource: LocRes '../../../Engine/Content/Localization/EditorTutorials/ru/EditorTutorials.locres' could not be opened for reading!
[2024.04.05-18.03.59:246][  0]LogTextLocalizationResource: LocRes '../../../Engine/Content/Localization/Keywords/ru/Keywords.locres' could not be opened for reading!
[2024.04.05-18.03.59:246][  0]LogTextLocalizationResource: LocRes '../../../Engine/Content/Localization/Category/ru/Category.locres' could not be opened for reading!
[2024.04.05-18.03.59:246][  0]LogTextLocalizationResource: LocRes '../../../Engine/Content/Localization/ToolTips/ru/ToolTips.locres' could not be opened for reading!
[2024.04.05-18.03.59:246][  0]LogTextLocalizationResource: LocRes '../../../Engine/Content/Localization/PropertyNames/ru/PropertyNames.locres' could not be opened for reading!
[2024.04.05-18.03.59:246][  0]LogTextLocalizationResource: LocRes '../../../Engine/Content/Localization/Engine/ru/Engine.locres' could not be opened for reading!
[2024.04.05-18.03.59:247][  0]LogInit: Setting process to per monitor DPI aware
[2024.04.05-18.03.59:252][  0]LogWindowsTextInputMethodSystem: Display: IME system deactivated.
[2024.04.05-18.03.59:262][  0]LogSlate: New Slate User Created.  User Index 0, Is Virtual User: 0
[2024.04.05-18.03.59:262][  0]LogSlate: Slate User Registered.  User Index 0, Is Virtual User: 0
[2024.04.05-18.03.59:339][  0]LogD3D11RHI: Loaded GFSDK_Aftermath_Lib.x64.dll
[2024.04.05-18.03.59:342][  0]LogHMD: Failed to initialize OpenVR with code 110
[2024.04.05-18.03.59:342][  0]LogD3D11RHI: D3D11 min allowed feature level: 11_0
[2024.04.05-18.03.59:342][  0]LogD3D11RHI: D3D11 max allowed feature level: 11_0
[2024.04.05-18.03.59:342][  0]LogD3D11RHI: D3D11 adapters:
[2024.04.05-18.03.59:404][  0]LogD3D11RHI:    0. 'NVIDIA GeForce GTX 1650' (Feature Level 11_0)
[2024.04.05-18.03.59:404][  0]LogD3D11RHI:       3962/0/8163 MB DedicatedVideo/DedicatedSystem/SharedSystem, Outputs:1, VendorId:0x10de
[2024.04.05-18.03.59:406][  0]LogD3D11RHI:    1. 'Microsoft Basic Render Driver' (Feature Level 11_0)
[2024.04.05-18.03.59:406][  0]LogD3D11RHI:       0/0/8163 MB DedicatedVideo/DedicatedSystem/SharedSystem, Outputs:0, VendorId:0x1414
[2024.04.05-18.03.59:406][  0]LogD3D11RHI: Chosen D3D11 Adapter:
[2024.04.05-18.03.59:406][  0]LogD3D11RHI:     Description : NVIDIA GeForce GTX 1650
[2024.04.05-18.03.59:406][  0]LogD3D11RHI:     VendorId    : 10de
[2024.04.05-18.03.59:406][  0]LogD3D11RHI:     DeviceId    : 2188
[2024.04.05-18.03.59:406][  0]LogD3D11RHI:     SubSysId    : 8d971462
[2024.04.05-18.03.59:406][  0]LogD3D11RHI:     Revision    : 00a1
[2024.04.05-18.03.59:406][  0]LogD3D11RHI:     DedicatedVideoMemory : 4154458112 bytes
[2024.04.05-18.03.59:406][  0]LogD3D11RHI:     DedicatedSystemMemory : 0 bytes
[2024.04.05-18.03.59:406][  0]LogD3D11RHI:     SharedSystemMemory : 8559869952 bytes
[2024.04.05-18.03.59:406][  0]LogD3D11RHI:     AdapterLuid : 0 63641
[2024.04.05-18.03.59:410][  0]LogD3D11RHI: Creating new Direct3DDevice
[2024.04.05-18.03.59:410][  0]LogD3D11RHI:     GPU DeviceId: 0x2188 (for the marketing name, search the web for "GPU Device Id")
[2024.04.05-18.03.59:410][  0]LogWindows: EnumDisplayDevices:
[2024.04.05-18.03.59:411][  0]LogWindows:    0. 'NVIDIA GeForce GTX 1650' (P:1 D:1)
[2024.04.05-18.03.59:411][  0]LogWindows:    1. 'NVIDIA GeForce GTX 1650' (P:0 D:0)
[2024.04.05-18.03.59:411][  0]LogWindows:    2. 'NVIDIA GeForce GTX 1650' (P:0 D:0)
[2024.04.05-18.03.59:411][  0]LogWindows:    3. 'NVIDIA GeForce GTX 1650' (P:0 D:0)
[2024.04.05-18.03.59:411][  0]LogWindows: DebugString: FoundDriverCount:4 
[2024.04.05-18.03.59:411][  0]LogD3D11RHI:     Adapter Name: NVIDIA GeForce GTX 1650
[2024.04.05-18.03.59:411][  0]LogD3D11RHI:   Driver Version: 461.40 (internal:27.21.14.6140, unified:461.40)
[2024.04.05-18.03.59:411][  0]LogD3D11RHI:      Driver Date: 1-22-2021
[2024.04.05-18.03.59:411][  0]LogRHI: Texture pool is 2773 MB (70% of 3962 MB)
[2024.04.05-18.03.59:411][  0]LogD3D11RHI: Creating D3DDevice using adapter:
[2024.04.05-18.03.59:411][  0]LogD3D11RHI:     Description : NVIDIA GeForce GTX 1650
[2024.04.05-18.03.59:411][  0]LogD3D11RHI:     VendorId    : 10de
[2024.04.05-18.03.59:411][  0]LogD3D11RHI:     DeviceId    : 2188
[2024.04.05-18.03.59:411][  0]LogD3D11RHI:     SubSysId    : 8d971462
[2024.04.05-18.03.59:411][  0]LogD3D11RHI:     Revision    : 00a1
[2024.04.05-18.03.59:411][  0]LogD3D11RHI:     DedicatedVideoMemory : 4154458112 bytes
[2024.04.05-18.03.59:411][  0]LogD3D11RHI:     DedicatedSystemMemory : 0 bytes
[2024.04.05-18.03.59:411][  0]LogD3D11RHI:     SharedSystemMemory : 8559869952 bytes
[2024.04.05-18.03.59:411][  0]LogD3D11RHI:     AdapterLuid : 0 63641
[2024.04.05-18.03.59:453][  0]LogD3D11RHI: RHI has support for 64 bit atomics
[2024.04.05-18.03.59:453][  0]LogD3D11RHI: Async texture creation enabled
[2024.04.05-18.03.59:453][  0]LogD3D11RHI: Array index from any shader is supported
[2024.04.05-18.03.59:468][  0]LogD3D11RHI: GPU Timing Frequency: 1000.000000 (Debug: 2 1)
[2024.04.05-18.03.59:514][  0]LogRHI: GeForceNow SDK initialized: 1
[2024.04.05-18.04.01:588][  0]LogWindowsTextInputMethodSystem: Display: IME system deactivated.
[2024.04.05-18.04.01:865][  0]LogTargetPlatformManager: Display: Loaded TargetPlatform 'AllDesktop'
[2024.04.05-18.04.01:882][  0]LogTargetPlatformManager: Display: Loaded TargetPlatform 'Android'
[2024.04.05-18.04.01:882][  0]LogTargetPlatformManager: Display: Loaded TargetPlatform 'Android_ASTC'
[2024.04.05-18.04.01:882][  0]LogTargetPlatformManager: Display: Loaded TargetPlatform 'Android_DXT'
[2024.04.05-18.04.01:882][  0]LogTargetPlatformManager: Display: Loaded TargetPlatform 'Android_ETC2'
[2024.04.05-18.04.01:882][  0]LogTargetPlatformManager: Display: Loaded TargetPlatform 'AndroidClient'
[2024.04.05-18.04.01:882][  0]LogTargetPlatformManager: Display: Loaded TargetPlatform 'Android_ASTCClient'
[2024.04.05-18.04.01:882][  0]LogTargetPlatformManager: Display: Loaded TargetPlatform 'Android_DXTClient'
[2024.04.05-18.04.01:882][  0]LogTargetPlatformManager: Display: Loaded TargetPlatform 'Android_ETC2Client'
[2024.04.05-18.04.01:882][  0]LogTargetPlatformManager: Display: Loaded TargetPlatform 'Android_Multi'
[2024.04.05-18.04.01:882][  0]LogTargetPlatformManager: Display: Loaded TargetPlatform 'Android_MultiClient'
[2024.04.05-18.04.01:895][  0]LogTargetPlatformManager: Display: Loaded TargetPlatform 'IOSClient'
[2024.04.05-18.04.01:895][  0]LogTargetPlatformManager: Display: Loaded TargetPlatform 'IOS'
[2024.04.05-18.04.01:902][  0]LogTargetPlatformManager: Display: Loaded TargetPlatform 'Linux'
[2024.04.05-18.04.01:906][  0]LogTargetPlatformManager: Display: Loaded TargetPlatform 'LinuxNoEditor'
[2024.04.05-18.04.01:910][  0]LogTargetPlatformManager: Display: Loaded TargetPlatform 'LinuxClient'
[2024.04.05-18.04.01:913][  0]LogTargetPlatformManager: Display: Loaded TargetPlatform 'LinuxServer'
[2024.04.05-18.04.01:920][  0]LogTargetPlatformManager: Display: Loaded TargetPlatform 'LinuxAArch64NoEditor'
[2024.04.05-18.04.01:923][  0]LogTargetPlatformManager: Display: Loaded TargetPlatform 'LinuxAArch64Client'
[2024.04.05-18.04.01:927][  0]LogTargetPlatformManager: Display: Loaded TargetPlatform 'LinuxAArch64Server'
[2024.04.05-18.04.01:947][  0]LogTargetPlatformManager: Display: Loaded TargetPlatform 'Lumin'
[2024.04.05-18.04.01:947][  0]LogTargetPlatformManager: Display: Loaded TargetPlatform 'LuminClient'
[2024.04.05-18.04.01:954][  0]LogTargetPlatformManager: Display: Loaded TargetPlatform 'MacNoEditor'
[2024.04.05-18.04.01:958][  0]LogTargetPlatformManager: Display: Loaded TargetPlatform 'Mac'
[2024.04.05-18.04.01:962][  0]LogTargetPlatformManager: Display: Loaded TargetPlatform 'MacClient'
[2024.04.05-18.04.01:965][  0]LogTargetPlatformManager: Display: Loaded TargetPlatform 'MacServer'
[2024.04.05-18.04.01:973][  0]LogTargetPlatformManager: Display: Loaded TargetPlatform 'TVOSClient'
[2024.04.05-18.04.01:973][  0]LogTargetPlatformManager: Display: Loaded TargetPlatform 'TVOS'
[2024.04.05-18.04.01:980][  0]LogTargetPlatformManager: Display: Loaded TargetPlatform 'WindowsNoEditor'
[2024.04.05-18.04.01:983][  0]LogTargetPlatformManager: Display: Loaded TargetPlatform 'Windows'
[2024.04.05-18.04.01:987][  0]LogTargetPlatformManager: Display: Loaded TargetPlatform 'WindowsClient'
[2024.04.05-18.04.01:990][  0]LogTargetPlatformManager: Display: Loaded TargetPlatform 'WindowsServer'
[2024.04.05-18.04.01:990][  0]LogTargetPlatformManager: Display: Building Assets For Windows
[2024.04.05-18.04.01:997][  0]LogAudioDebug: Display: Lib vorbis DLL was dynamically loaded.
[2024.04.05-18.04.02:020][  0]LogTextureFormatOodle: Display: Oodle Texture 2.9.0 init RDO Off
[2024.04.05-18.04.02:045][  0]LogRendererCore: Ray tracing is disabled. Reason: r.RayTracing=0.
[2024.04.05-18.04.02:045][  0]LogShaderCompilers: Guid format shader working directory is -19 characters bigger than the processId version (../../../../../../play/IliaZaicev-Simulator/IliaZaicevSimulator/Intermediate/Shaders/WorkingDirectory/15880/).
[2024.04.05-18.04.02:045][  0]LogShaderCompilers: Cleaned the shader compiler working directory 'C:/Users/User/AppData/Local/Temp/UnrealShaderWorkingDir/BB783F804B9182F2BE00259A91068758/'.
[2024.04.05-18.04.02:046][  0]LogXGEController: Cannot use XGE Controller as Incredibuild is not installed on this machine.
[2024.04.05-18.04.02:046][  0]LogShaderCompilers: Cannot use XGE Shader Compiler as Incredibuild is not installed on this machine.
[2024.04.05-18.04.02:046][  0]LogShaderCompilers: Display: Using Local Shader Compiler.
[2024.04.05-18.04.02:736][  0]LogDerivedDataCache: Display: Max Cache Size: 512 MB
[2024.04.05-18.04.02:788][  0]LogDerivedDataCache: Loaded boot cache 0.05s 94MB C:/Users/User/AppData/Local/UnrealEngine/4.27/DerivedDataCache/Boot.ddc.
[2024.04.05-18.04.02:788][  0]LogDerivedDataCache: Display: Loaded Boot cache: C:/Users/User/AppData/Local/UnrealEngine/4.27/DerivedDataCache/Boot.ddc
[2024.04.05-18.04.02:788][  0]LogDerivedDataCache: FDerivedDataBackendGraph:  Pak pak cache file ../../../../../../play/IliaZaicev-Simulator/IliaZaicevSimulator/DerivedDataCache/DDC.ddp not found, will not use a pak cache.
[2024.04.05-18.04.02:788][  0]LogDerivedDataCache: Unable to find inner node Pak for hierarchical cache Hierarchy.
[2024.04.05-18.04.02:789][  0]LogDerivedDataCache: FDerivedDataBackendGraph:  CompressedPak pak cache file ../../../../../../play/IliaZaicev-Simulator/IliaZaicevSimulator/DerivedDataCache/Compressed.ddp not found, will not use a pak cache.
[2024.04.05-18.04.02:789][  0]LogDerivedDataCache: Unable to find inner node CompressedPak for hierarchical cache Hierarchy.
[2024.04.05-18.04.02:806][  0]LogDerivedDataCache: Display: Pak cache opened for reading ../../../Engine/DerivedDataCache/Compressed.ddp.
[2024.04.05-18.04.02:806][  0]LogDerivedDataCache: FDerivedDataBackendGraph:  EnterprisePak pak cache file ../../../Enterprise/DerivedDataCache/Compressed.ddp not found, will not use a pak cache.
[2024.04.05-18.04.02:806][  0]LogDerivedDataCache: Unable to find inner node EnterprisePak for hierarchical cache Hierarchy.
[2024.04.05-18.04.02:809][  0]LogDerivedDataCache: Speed tests for C:/Users/User/AppData/Local/UnrealEngine/Common/DerivedDataCache took 0.00 seconds
[2024.04.05-18.04.02:809][  0]LogDerivedDataCache: Display: Performance to C:/Users/User/AppData/Local/UnrealEngine/Common/DerivedDataCache: Latency=0.01ms. RandomReadSpeed=2518.80MBs, RandomWriteSpeed=377.74MBs. Assigned SpeedClass 'Local'
[2024.04.05-18.04.02:810][  0]LogDerivedDataCache: Using Local data cache path C:/Users/User/AppData/Local/UnrealEngine/Common/DerivedDataCache: Writable
[2024.04.05-18.04.02:810][  0]LogDerivedDataCache: Shared data cache path not found in *engine.ini, will not use an Shared cache.
[2024.04.05-18.04.02:810][  0]LogDerivedDataCache: Unable to find inner node Shared for hierarchical cache Hierarchy.
[2024.04.05-18.04.02:852][  0]LogSlate: Using FreeType 2.10.0
[2024.04.05-18.04.02:852][  0]LogSlate: SlateFontServices - WITH_FREETYPE: 1, WITH_HARFBUZZ: 1
[2024.04.05-18.04.02:872][  0]LogAssetRegistry: FAssetRegistry took 0.0021 seconds to start up
[2024.04.05-18.04.03:080][  0]LogInit: Selected Device Profile: [Windows]
[2024.04.05-18.04.03:080][  0]LogInit: Active device profile: [000002293A470700][0000022938FB47C0 49] Windows
[2024.04.05-18.04.03:080][  0]LogInit: Profiles: [000002293A470700][0000022938FB47C0 49] Windows, [000002293A41F700][0000022938FBC940 49] WindowsNoEditor, [000002293A473300][0000022938FB8A80 49] WindowsServer, [000002293A41CF00][0000022930B4ABC0 49] WindowsClient, [000002293A473500][0000022930B4ED00 49] IOS, [000002293A40FF00][0000022930B56E80 49] iPadAir, [000002293A41FB00][0000022930B5B000 49] iPadAir2, [000002293B3D8500][0000022939FF52C0 49] IPadPro, [000002293B3D8600][0000022939FF1300 49] iPadAir3, [000002293A40C100][0000022939FF9480 49] iPadAir4, [000002293B3DAC00][0000022939FFD600 49] iPadMini2, [000002293A40E500][000002293A001780 49] iPadMini3, [000002293B3DB400][000002293A005900 49] iPadMini4, [000002293A40CF00][000002293A009A80 49] iPadMini5, [000002293B3C7E00][000002293A0101C0 49] iPhone6, [000002293B3C7F00][000002293A00C200 49] iPodTouch6, [000002293A473900][000002293A0184C0 49] iPhone7, [000002293A472100][000002293A014500 49] iPodTouch7, [000002293B3C4400][000002293A01C680 49] iPhone5S, [000002293B3DBD00][000002293A020800 49] iPhone6Plus, [000002293A473400][000002293A024980 49] iPhone6S, [000002293B3DA000][000002293A028B00 49] iPhone6SPlus, [000002293A470900][0000022930B52C40 49] iPhone7Plus, [000002293B3D8E00][000002293A02CD80 49] iPhoneSE, [000002293A470200][000002293A030EC0 49] iPhone8, [000002293B3DA400][000002293A039040 49] iPhone8Plus, [000002293A471E00][000002293A03D1C0 49] iPhoneX, [000002293B3DBE00][000002293A041340 49] iPhoneXS, [000002293A471600][000002293A0454C0 49] iPhoneXSMax, [000002293B3DA500][000002293A049640 49] iPhoneXR, [000002293A472A00][00000229320417C0 49] iPhone11, [000002293B3DBA00][0000022932045940 49] iPhone11Pro, [000002293A470F00][0000022932049AC0 49] iPhone11ProMax, [000002293B3DA300][000002293204C0C0 49] iPhoneSE2, [000002293A472700][0000022932050240 49] iPhone12Mini, [000002293B3D8700][00000229320543C0 49] iPhone12, [000002293A473100][0000022932058540 49] iPhone12Pro, [000002293B3DB500][000002293205C6C0 49] iPhone12ProMax, [000002293A470800][0000022932060840 49] iPadPro105, [000002293B3D9C00][00000229320649C0 49] iPadPro129, [000002293A470300][0000022932068B40 49] iPadPro97, [000002293B3D9D00][000002293206CCC0 49] iPadPro2_129, [000002293A470C00][000002293A034E00 49] iPad5, [000002293B3DB000][0000022932070F40 49] iPad6, [000002293A472C00][0000022932075080 49] iPad7, [000002293B3DAE00][00000229320791C0 49] iPad8, [000002293A471800][0000022932081340 49] iPadPro11, [000002293B3D9B00][00000229320854C0 49] iPadPro2_11, [000002293A471500][0000022932089640 49] iPadPro3_129, [000002293B3DA700][000002293208D7C0 49] iPadPro4_129, [000002293A470100][0000022932091940 49] AppleTV, [000002293B3DAB00][0000022932095AC0 49] AppleTV4K, [000002293A471B00][00000229320980C0 49] TVOS, [000002293B3D8900][000002293209C240 49] Mac, [000002293A471700][00000229320A03C0 49] MacClient, [000002293B3DAF00][00000229320A4540 49] MacNoEditor, [000002293A470D00][00000229320A86C0 49] MacServer, [000002293B3D8300][00000229320AC840 49] Linux, [000002293A472E00][00000229320D69C0 49] LinuxAArch64, [000002293B3D9500][000002293A330B40 49] LinuxNoEditor, [000002293A472400][000002293A360CC0 49] LinuxAArch64NoEditor, [000002293B3D8200][000002293A38CE40 49] LinuxClient, [000002293A472D00][000002293207CF80 49] LinuxAArch64Client, [000002293B3D8C00][000002293A3B10C0 49] LinuxServer, [000002293A470400][000002293A3B5200 49] LinuxAArch64Server, [000002293B3D9000][000002293A3B9340 49] Android, [000002293A40F900][000002293A3BD4C0 49] Android_Low, [000002293B3C5B00][000002293A3C1640 49] Android_Mid, [000002293A40F000][000002293A3C57C0 49] Android_High, [000002293B3C6300][000002293A3C9940 49] Android_Default, [000002293A40E000][000002293A3CDAC0 49] Android_Adreno4xx, [000002293B3C4100][00000229327100C0 49] Android_Adreno5xx_Low, [000002293A40CB00][0000022932714240 49] Android_Adreno5xx, [000002293B3C5800][00000229327183C0 49] Android_Adreno6xx, [000002293A40D100][000002293271C540 49] Android_Adreno6xx_Vulkan, [000002293B3C4800][00000229327206C0 49] Android_Mali_T6xx, [000002293A40F600][0000022932724840 49] Android_Mali_T7xx, [000002293B3C4D00][00000229327289C0 49] Android_Mali_T8xx, [000002293A40FC00][000002293272CB40 49] Android_Mali_G71, [000002293B3C5500][000002293B7BECC0 49] Android_Mali_G72, [000002293A40FE00][000002293A214E40 49] Android_Mali_G72_Vulkan, [000002293B3C7D00][000002293B7DAFC0 49] Android_Mali_G76, [000002293A40FA00][000002293A249140 49] Android_Mali_G76_Vulkan, [000002293B3C7600][000002292C57F280 49] Android_Mali_G77, [000002293A40E200][000002293A25D3C0 49] Android_Mali_G77_Vulkan, [000002293B3C5200][000002293A26B500 49] Android_Mali_G78, [000002293A40CA00][000002293A273680 49] Android_Mali_G78_Vulkan, [000002293B3C7000][000002293A277800 49] Android_Mali_G710, [000002293A40D400][000002293A27B980 49] Android_Mali_G710_Vulkan, [000002293B3C4700][000002293A27FB00 49] Android_Vulkan_SM5, [000002293A40D800][000002293A282100 49] Android_PowerVR_G6xxx, [000002293B3C4E00][000002293A286280 49] Android_PowerVR_GT7xxx, [000002293A40C200][000002293BB86400 49] Android_PowerVR_GE8xxx, [000002293B3C4600][000002292C50E580 49] Android_PowerVR_GM9xxx, [000002293A40E600][000002292C512700 49] Android_PowerVR_GM9xxx_Vulkan, [000002293B3D8F00][000002292C516880 49] Android_TegraK1, [000002293A40EA00][000002293A2FAA00 49] Android_Unknown_Vulkan, [000002293B3D8D00][000002293A312B80 49] Lumin, [000002293A40D200][000002292C54ED00 49] Lumin_Desktop, [000002293B3D8B00][000002292C55AE80 49] HoloLens, 
[2024.04.05-18.04.03:195][  0]LogMeshReduction: Using QuadricMeshReduction for automatic static mesh reduction
[2024.04.05-18.04.03:195][  0]LogMeshReduction: Using SimplygonMeshReduction for automatic skeletal mesh reduction
[2024.04.05-18.04.03:195][  0]LogMeshReduction: Using ProxyLODMeshReduction for automatic mesh merging
[2024.04.05-18.04.03:195][  0]LogMeshReduction: No distributed automatic mesh merging module available
[2024.04.05-18.04.03:195][  0]LogMeshMerging: No distributed automatic mesh merging module available
[2024.04.05-18.04.03:207][  0]LogNetVersion: IliaZaicevSimulator 1.0.0, NetCL: 17155196, EngineNetVer: 17, GameNetVer: 0 (Checksum: 1500862746)
[2024.04.05-18.04.03:533][  0]LogTexture: Default maximum texture size for cubemaps generated from long-lat sources has been changed from 512 to unlimited. In order to preserve old behaiour for '/Engine/MapTemplates/Sky/DaylightAmbientCubemap.DaylightAmbientCubemap', its maximum texture size has been explicitly set to 512.
[2024.04.05-18.04.03:581][  0]LogHMD: PokeAHoleMaterial loaded successfully
[2024.04.05-18.04.03:586][  0]LogUObjectArray: 17178 objects as part of root set at end of initial load.
[2024.04.05-18.04.03:586][  0]LogUObjectAllocator: 4302048 out of 0 bytes used by permanent object pool.
[2024.04.05-18.04.03:586][  0]LogUObjectArray: CloseDisregardForGC: 0/0 objects in disregard for GC pool
[2024.04.05-18.04.03:807][  0]LogNiagaraDebuggerClient: Niagara Debugger Client Initialized | Session: 164E9B70427C46C34EA582A94363DEBE | Instance: AA1CE12348D0E177EC6E6FABAA4A7F3C (COMPUTER-15880).
[2024.04.05-18.04.03:909][  0]LogPython: Using Python 3.7.7
[2024.04.05-18.04.04:391][  0]LogTcpMessaging: Initializing TcpMessaging bridge
[2024.04.05-18.04.04:396][  0]LogUdpMessaging: Initializing bridge on interface 0.0.0.0:0 to multicast group 230.0.0.1:6666.
[2024.04.05-18.04.04:573][  0]SourceControl: Source control is disabled
[2024.04.05-18.04.04:573][  0]SourceControl: Source control is disabled
[2024.04.05-18.04.04:576][  0]SourceControl: Source control is disabled
[2024.04.05-18.04.04:578][  0]SourceControl: Source control is disabled
[2024.04.05-18.04.04:587][  0]SourceControl: Source control is disabled
[2024.04.05-18.04.04:592][  0]LogUProjectInfo: Found projects:
[2024.04.05-18.04.04:711][  0]LogOpenImageDenoise: OIDN starting up
[2024.04.05-18.04.04:734][  0]LogAndroidPermission: UAndroidPermissionCallbackProxy::GetInstance
[2024.04.05-18.04.04:753][  0]LogAudioCaptureCore: Display: No Audio Capture implementations found. Audio input will be silent.
[2024.04.05-18.04.04:753][  0]LogAudioCaptureCore: Display: No Audio Capture implementations found. Audio input will be silent.
[2024.04.05-18.04.04:855][  0]LogCollectionManager: Loaded 0 collections in 0.001163 seconds
[2024.04.05-18.04.04:873][  0]LogFileCache: Scanning file cache for directory 'G:/play/IliaZaicev-Simulator/IliaZaicevSimulator/Saved/Collections/' took 0.00s
[2024.04.05-18.04.04:873][  0]LogFileCache: Scanning file cache for directory 'G:/play/IliaZaicev-Simulator/IliaZaicevSimulator/Content/Developers/User/Collections/' took 0.00s
[2024.04.05-18.04.04:873][  0]LogFileCache: Scanning file cache for directory 'G:/play/IliaZaicev-Simulator/IliaZaicevSimulator/Content/Collections/' took 0.00s
[2024.04.05-18.04.04:873][  0]LogOcInput: OculusInput pre-init called
[2024.04.05-18.04.05:084][  0]LogEngine: Initializing Engine...
[2024.04.05-18.04.05:086][  0]LogHMD: Failed to enumerate extensions. Please check that you have a valid OpenXR runtime installed.
[2024.04.05-18.04.05:086][  0]LogHMD: Failed to initialize OpenVR with code 110
[2024.04.05-18.04.05:086][  0]LogMagicLeap: Warning: VR disabled because ZI is not enabled.  To enable, in the editor, Edit -> Project Settings -> Plugins -> Magic Leap Plugin -> Enable Zero Iteration
[2024.04.05-18.04.05:087][  0]LogStats: UGameplayTagsManager::InitializeManager -  0.000 s
[2024.04.05-18.04.05:205][  0]LogInit: Initializing FReadOnlyCVARCache
[2024.04.05-18.04.05:212][  0]LogAIModule: Creating AISystem for world Untitled
[2024.04.05-18.04.05:215][  0]LogAudio: Display: Initializing Audio Device Manager...
[2024.04.05-18.04.05:217][  0]LogAudio: Display: Loading Default Audio Settings Objects...
[2024.04.05-18.04.05:218][  0]LogAudio: Display: No default SoundConcurrencyObject specified (or failed to load).
[2024.04.05-18.04.05:218][  0]LogAudio: Display: Audio Device Manager Initialized
[2024.04.05-18.04.05:218][  0]LogAudio: Display: Creating Audio Device:                 Id: 1, Scope: Shared, Realtime: True
[2024.04.05-18.04.05:218][  0]LogAudioMixer: Display: Audio Mixer Platform Settings:
[2024.04.05-18.04.05:218][  0]LogAudioMixer: Display: 	Sample Rate:						  48000
[2024.04.05-18.04.05:218][  0]LogAudioMixer: Display: 	Callback Buffer Frame Size Requested: 1024
[2024.04.05-18.04.05:218][  0]LogAudioMixer: Display: 	Callback Buffer Frame Size To Use:	  1024
[2024.04.05-18.04.05:218][  0]LogAudioMixer: Display: 	Number of buffers to queue:			  2
[2024.04.05-18.04.05:218][  0]LogAudioMixer: Display: 	Max Channels (voices):				  32
[2024.04.05-18.04.05:218][  0]LogAudioMixer: Display: 	Number of Async Source Workers:		  0
[2024.04.05-18.04.05:218][  0]LogAudio: Display: AudioDevice MaxSources: 32
[2024.04.05-18.04.05:219][  0]LogAudio: Display: Audio Spatialization Plugin: None (built-in).
[2024.04.05-18.04.05:219][  0]LogAudio: Display: Audio Reverb Plugin: None (built-in).
[2024.04.05-18.04.05:219][  0]LogAudio: Display: Audio Occlusion Plugin: None (built-in).
[2024.04.05-18.04.05:219][  0]LogAudioMixer: Display: Initializing audio mixer.
[2024.04.05-18.04.05:227][  0]LogAudioMixer: Display: 0: FrontLeft
[2024.04.05-18.04.05:227][  0]LogAudioMixer: Display: 1: FrontRight
[2024.04.05-18.04.05:247][  0]LogAudioMixer: Display: Using Audio Device Динамики (USB Audio Device)
[2024.04.05-18.04.05:247][  0]LogAudioMixer: Display: Initializing Sound Submixes...
[2024.04.05-18.04.05:248][  0]LogAudioMixer: Display: Creating Master Submix 'MasterSubmixDefault'
[2024.04.05-18.04.05:248][  0]LogAudioMixer: Display: Creating Master Submix 'MasterReverbSubmixDefault'
[2024.04.05-18.04.05:249][  0]LogAudioMixer: Display: Creating Master Submix 'MasterEQSubmixDefault'
[2024.04.05-18.04.05:249][  0]LogAudioMixer: FMixerPlatformXAudio2::StartAudioStream() called
[2024.04.05-18.04.05:249][  0]LogAudioMixer: Display: Output buffers initialized: Frames=1024, Channels=2, Samples=2048
[2024.04.05-18.04.05:250][  0]LogAudioMixer: Display: Starting AudioMixerPlatformInterface::RunInternal()
[2024.04.05-18.04.05:250][  0]LogAudioMixer: Display: FMixerPlatformXAudio2::SubmitBuffer() called for the first time
[2024.04.05-18.04.05:250][  0]LogInit: FAudioDevice initialized.
[2024.04.05-18.04.05:250][  0]LogAudio: Display: Audio Device (ID: 1) registered with world 'Untitled'.
[2024.04.05-18.04.05:250][  0]LogNetVersion: Set ProjectVersion to 1.0.0.0. Version Checksum will be recalculated on next use.
[2024.04.05-18.04.05:340][  0]LogDerivedDataCache: Saved boot cache 0.09s 94MB C:/Users/User/AppData/Local/UnrealEngine/4.27/DerivedDataCache/Boot.ddc.
[2024.04.05-18.04.05:340][  0]LogInit: Texture streaming: Enabled
[2024.04.05-18.04.05:350][  0]LogAnalytics: Display: [UEEditor.Rocket.Release] APIServer = https://datarouter.ol.epicgames.com/. AppVersion = 4.27.2-18319896+++UE4+Release-4.27
[2024.04.05-18.04.05:353][  0]LogEngineSessionManager: EngineSessionManager initialized
[2024.04.05-18.04.05:353][  0]LogEditorSessionSummary: Verbose: Initializing EditorSessionSummaryWriter for editor session tracking
[2024.04.05-18.04.05:354][  0]LogEditorSessionSummary: EditorSessionSummaryWriter initialized
[2024.04.05-18.04.05:369][  0]LogInit: Transaction tracking system initialized
[2024.04.05-18.04.05:386][  0]BlueprintLog: New page: Editor Load
[2024.04.05-18.04.05:434][  0]LocalizationService: Localization service is disabled
[2024.04.05-18.04.05:450][  0]TimingProfiler: Initialize
[2024.04.05-18.04.05:450][  0]TimingProfiler: OnSessionChanged
[2024.04.05-18.04.05:450][  0]LoadingProfiler: Initialize
[2024.04.05-18.04.05:450][  0]LoadingProfiler: OnSessionChanged
[2024.04.05-18.04.05:450][  0]NetworkingProfiler: Initialize
[2024.04.05-18.04.05:450][  0]NetworkingProfiler: OnSessionChanged
[2024.04.05-18.04.05:451][  0]MemoryProfiler: Initialize
[2024.04.05-18.04.05:451][  0]MemoryProfiler: OnSessionChanged
[2024.04.05-18.04.05:565][  0]LogCook: Display: CookSettings for Memory: MemoryMaxUsedVirtual 0MiB, MemoryMaxUsedPhysical 16384MiB, MemoryMinFreeVirtual 0MiB, MemoryMinFreePhysical 1024MiB
[2024.04.05-18.04.05:565][  0]LogCook: Display: Mobile HDR setting 1
[2024.04.05-18.04.05:581][  0]LogFileCache: Scanning file cache for directory 'G:/play/IliaZaicev-Simulator/IliaZaicevSimulator/Content/' took 0.00s
[2024.04.05-18.04.05:883][  0]LogInit: Display: Engine is initialized. Leaving FEngineLoop::Init()
[2024.04.05-18.04.05:885][  0]SourceControl: Source control is disabled
[2024.04.05-18.04.05:885][  0]LogUnrealEdMisc: Loading editor; pre map load, took 7.632
[2024.04.05-18.04.05:885][  0]Cmd: MAP LOAD FILE="../../../../../../play/IliaZaicev-Simulator/IliaZaicevSimulator/Content/TopDownBP/Maps/TopDownExampleMap.umap" TEMPLATE=0 SHOWPROGRESS=1 FEATURELEVEL=3
[2024.04.05-18.04.05:886][  0]LightingResults: New page: Lighting Build
[2024.04.05-18.04.05:887][  0]LogWorld: UWorld::CleanupWorld for Untitled, bSessionEnded=true, bCleanupResources=true
[2024.04.05-18.04.05:887][  0]LogSlate: InvalidateAllWidgets triggered.  All widgets were invalidated
[2024.04.05-18.04.05:887][  0]MapCheck: New page: Map Check
[2024.04.05-18.04.05:887][  0]LightingResults: New page: Lighting Build
[2024.04.05-18.04.05:893][  0]LogAudio: Display: Audio Device unregistered from world 'None'.
[2024.04.05-18.04.05:896][  0]LogUObjectHash: Compacting FUObjectHashTables data took   1.17ms
[2024.04.05-18.04.05:995][  0]LogLinker: Warning: [AssetLog] G:\play\IliaZaicev-Simulator\IliaZaicevSimulator\Content\TopDownBP\Maps\TopDownExampleMap.umap: Failed to load '/Game/TopDownBP/Maps/TopDownExampleMap_BuiltData': Can't find file.
[2024.04.05-18.04.05:995][  0]LogLinker: Warning: [AssetLog] G:\play\IliaZaicev-Simulator\IliaZaicevSimulator\Content\TopDownBP\Maps\TopDownExampleMap.umap: Failed to load '/Game/TopDownBP/Maps/TopDownExampleMap_BuiltData': Can't find file.
[2024.04.05-18.04.05:997][  0]LogLinker: Warning: [AssetLog] G:\play\IliaZaicev-Simulator\IliaZaicevSimulator\Content\TopDownBP\Maps\TopDownExampleMap.umap: Failed to load '/Game/TopDownBP/Maps/TopDownExampleMap_BuiltData': Can't find file.
[2024.04.05-18.04.05:998][  0]LogLinker: Warning: Failed to load '/Game/TopDownBP/Maps/TopDownExampleMap_BuiltData': Can't find file.
[2024.04.05-18.04.05:998][  0]LogLinker: Warning: Failed to load '/Game/TopDownBP/Maps/TopDownExampleMap_BuiltData': Can't find file.
[2024.04.05-18.04.06:002][  0]LogLinker: Warning: [AssetLog] G:\play\IliaZaicev-Simulator\IliaZaicevSimulator\Content\TopDownBP\Maps\TopDownExampleMap.umap: Failed to load '/Game/TopDownBP/Maps/TopDownExampleMap_BuiltData': Can't find file.
[2024.04.05-18.04.06:002][  0]LoadErrors: Failed to load /Game/TopDownBP/Maps/TopDownExampleMap_BuiltData.TopDownExampleMap_BuiltData Referenced by PersistentLevel
[2024.04.05-18.04.06:148][  0]LogAudio: Display: Audio Device (ID: 1) registered with world 'TopDownExampleMap'.
[2024.04.05-18.04.06:150][  0]LogAIModule: Creating AISystem for world TopDownExampleMap
[2024.04.05-18.04.06:156][  0]LogEditorServer: Finished looking for orphan Actors (0.000 secs)
[2024.04.05-18.04.06:157][  0]LogNavigationDataBuild: Display:    Building NavData:  Name Default class /Script/NavigationSystem.RecastNavMesh agent radius 35.0.
[2024.04.05-18.04.06:166][  0]LogUObjectHash: Compacting FUObjectHashTables data took   0.76ms
[2024.04.05-18.04.06:166][  0]Cmd: MAP CHECKDEP NOCLEARLOG
[2024.04.05-18.04.06:166][  0]MapCheck: Map check complete: 0 Error(s), 0 Warning(s), took 0,086ms to complete.
[2024.04.05-18.04.06:166][  0]LogFileHelpers: Loading map 'TopDownExampleMap' took 0.281
[2024.04.05-18.04.06:168][  0]LogUnrealEdMisc: Total Editor Startup Time, took 7.914
[2024.04.05-18.04.06:231][  0]LogWindowsTextInputMethodSystem: Display: IME system deactivated.
[2024.04.05-18.04.06:286][  0]LogSlate: Updating window title bar state: overlay mode, drag disabled, window buttons hidden, title bar hidden
[2024.04.05-18.04.06:291][  0]LogSlate: Updating window title bar state: overlay mode, drag disabled, window buttons hidden, title bar hidden
[2024.04.05-18.04.06:297][  0]LogSlate: Updating window title bar state: overlay mode, drag disabled, window buttons hidden, title bar hidden
[2024.04.05-18.04.06:304][  0]LogSlate: Updating window title bar state: overlay mode, drag disabled, window buttons hidden, title bar hidden
[2024.04.05-18.04.06:316][  0]LogNativeClassHierarchy: Verbose: Native class hierarchy populated in 0.0090 seconds. Added 3822 classes and 928 folders.
[2024.04.05-18.04.06:318][  0]LogNativeClassHierarchy: Verbose: Native class hierarchy updated for 'WidgetCarousel' in 0.0002 seconds. Added 0 classes and 0 folders.
[2024.04.05-18.04.06:319][  0]LogPakFile: PakFile PrimaryIndexSize=187
[2024.04.05-18.04.06:319][  0]LogPakFile: PakFile PathHashIndexSize=101
[2024.04.05-18.04.06:319][  0]LogPakFile: PakFile FullDirectoryIndexSize=148
[2024.04.05-18.04.06:319][  0]LogShaderLibrary: Display: ShaderCodeLibraryPakFileMountedCallback: PakFile 'G:/Загрузки/GTAV/UE_4.27/FeaturePacks/FP_FirstPerson.upack' (chunk index -1, root 'root:/') mounted
[2024.04.05-18.04.06:319][  0]LogShaderLibrary: Display: ShaderCodeLibraryPakFileMountedCallback: pending pak file info (ChunkID:-1 Root:root:/ File:G:/Загрузки/GTAV/UE_4.27/FeaturePacks/FP_FirstPerson.upack)
[2024.04.05-18.04.06:319][  0]LogPakFile: OnPakFileMounted2Time == 0.000052
[2024.04.05-18.04.06:319][  0]LogPakFile: PakFile PrimaryIndexSize=189
[2024.04.05-18.04.06:319][  0]LogPakFile: PakFile PathHashIndexSize=101
[2024.04.05-18.04.06:319][  0]LogPakFile: PakFile FullDirectoryIndexSize=152
[2024.04.05-18.04.06:319][  0]LogShaderLibrary: Display: ShaderCodeLibraryPakFileMountedCallback: PakFile 'G:/Загрузки/GTAV/UE_4.27/FeaturePacks/FP_FirstPersonBP.upack' (chunk index -1, root 'root:/') mounted
[2024.04.05-18.04.06:319][  0]LogShaderLibrary: Display: ShaderCodeLibraryPakFileMountedCallback: pending pak file info (ChunkID:-1 Root:root:/ File:G:/Загрузки/GTAV/UE_4.27/FeaturePacks/FP_FirstPersonBP.upack)
[2024.04.05-18.04.06:319][  0]LogPakFile: OnPakFileMounted2Time == 0.000032
[2024.04.05-18.04.06:320][  0]LogPakFile: PakFile PrimaryIndexSize=191
[2024.04.05-18.04.06:320][  0]LogPakFile: PakFile PathHashIndexSize=101
[2024.04.05-18.04.06:320][  0]LogPakFile: PakFile FullDirectoryIndexSize=160
[2024.04.05-18.04.06:320][  0]LogShaderLibrary: Display: ShaderCodeLibraryPakFileMountedCallback: PakFile 'G:/Загрузки/GTAV/UE_4.27/FeaturePacks/MobileStarterContent.upack' (chunk index -1, root 'root:/') mounted
[2024.04.05-18.04.06:320][  0]LogShaderLibrary: Display: ShaderCodeLibraryPakFileMountedCallback: pending pak file info (ChunkID:-1 Root:root:/ File:G:/Загрузки/GTAV/UE_4.27/FeaturePacks/MobileStarterContent.upack)
[2024.04.05-18.04.06:320][  0]LogPakFile: OnPakFileMounted2Time == 0.000030
[2024.04.05-18.04.06:320][  0]LogPakFile: PakFile PrimaryIndexSize=185
[2024.04.05-18.04.06:320][  0]LogPakFile: PakFile PathHashIndexSize=101
[2024.04.05-18.04.06:320][  0]LogPakFile: PakFile FullDirectoryIndexSize=148
[2024.04.05-18.04.06:320][  0]LogShaderLibrary: Display: ShaderCodeLibraryPakFileMountedCallback: PakFile 'G:/Загрузки/GTAV/UE_4.27/FeaturePacks/StarterContent.upack' (chunk index -1, root 'root:/') mounted
[2024.04.05-18.04.06:320][  0]LogShaderLibrary: Display: ShaderCodeLibraryPakFileMountedCallback: pending pak file info (ChunkID:-1 Root:root:/ File:G:/Загрузки/GTAV/UE_4.27/FeaturePacks/StarterContent.upack)
[2024.04.05-18.04.06:320][  0]LogPakFile: OnPakFileMounted2Time == 0.000030
[2024.04.05-18.04.06:320][  0]LogPakFile: PakFile PrimaryIndexSize=190
[2024.04.05-18.04.06:320][  0]LogPakFile: PakFile PathHashIndexSize=101
[2024.04.05-18.04.06:320][  0]LogPakFile: PakFile FullDirectoryIndexSize=154
[2024.04.05-18.04.06:320][  0]LogShaderLibrary: Display: ShaderCodeLibraryPakFileMountedCallback: PakFile 'G:/Загрузки/GTAV/UE_4.27/FeaturePacks/TP_2DSideScroller.upack' (chunk index -1, root 'root:/') mounted
[2024.04.05-18.04.06:320][  0]LogShaderLibrary: Display: ShaderCodeLibraryPakFileMountedCallback: pending pak file info (ChunkID:-1 Root:root:/ File:G:/Загрузки/GTAV/UE_4.27/FeaturePacks/TP_2DSideScroller.upack)
[2024.04.05-18.04.06:320][  0]LogPakFile: OnPakFileMounted2Time == 0.000029
[2024.04.05-18.04.06:321][  0]LogPakFile: PakFile PrimaryIndexSize=192
[2024.04.05-18.04.06:321][  0]LogPakFile: PakFile PathHashIndexSize=101
[2024.04.05-18.04.06:321][  0]LogPakFile: PakFile FullDirectoryIndexSize=158
[2024.04.05-18.04.06:321][  0]LogShaderLibrary: Display: ShaderCodeLibraryPakFileMountedCallback: PakFile 'G:/Загрузки/GTAV/UE_4.27/FeaturePacks/TP_2DSideScrollerBP.upack' (chunk index -1, root 'root:/') mounted
[2024.04.05-18.04.06:321][  0]LogShaderLibrary: Display: ShaderCodeLibraryPakFileMountedCallback: pending pak file info (ChunkID:-1 Root:root:/ File:G:/Загрузки/GTAV/UE_4.27/FeaturePacks/TP_2DSideScrollerBP.upack)
[2024.04.05-18.04.06:321][  0]LogPakFile: OnPakFileMounted2Time == 0.000029
[2024.04.05-18.04.06:321][  0]LogPakFile: PakFile PrimaryIndexSize=182
[2024.04.05-18.04.06:321][  0]LogPakFile: PakFile PathHashIndexSize=101
[2024.04.05-18.04.06:321][  0]LogPakFile: PakFile FullDirectoryIndexSize=138
[2024.04.05-18.04.06:321][  0]LogShaderLibrary: Display: ShaderCodeLibraryPakFileMountedCallback: PakFile 'G:/Загрузки/GTAV/UE_4.27/FeaturePacks/TP_Flying.upack' (chunk index -1, root 'root:/') mounted
[2024.04.05-18.04.06:321][  0]LogShaderLibrary: Display: ShaderCodeLibraryPakFileMountedCallback: pending pak file info (ChunkID:-1 Root:root:/ File:G:/Загрузки/GTAV/UE_4.27/FeaturePacks/TP_Flying.upack)
[2024.04.05-18.04.06:321][  0]LogPakFile: OnPakFileMounted2Time == 0.000029
[2024.04.05-18.04.06:321][  0]LogPakFile: PakFile PrimaryIndexSize=184
[2024.04.05-18.04.06:321][  0]LogPakFile: PakFile PathHashIndexSize=101
[2024.04.05-18.04.06:321][  0]LogPakFile: PakFile FullDirectoryIndexSize=142
[2024.04.05-18.04.06:321][  0]LogShaderLibrary: Display: ShaderCodeLibraryPakFileMountedCallback: PakFile 'G:/Загрузки/GTAV/UE_4.27/FeaturePacks/TP_FlyingBP.upack' (chunk index -1, root 'root:/') mounted
[2024.04.05-18.04.06:321][  0]LogShaderLibrary: Display: ShaderCodeLibraryPakFileMountedCallback: pending pak file info (ChunkID:-1 Root:root:/ File:G:/Загрузки/GTAV/UE_4.27/FeaturePacks/TP_FlyingBP.upack)
[2024.04.05-18.04.06:321][  0]LogPakFile: OnPakFileMounted2Time == 0.000029
[2024.04.05-18.04.06:322][  0]LogPakFile: PakFile PrimaryIndexSize=188
[2024.04.05-18.04.06:322][  0]LogPakFile: PakFile PathHashIndexSize=101
[2024.04.05-18.04.06:322][  0]LogPakFile: PakFile FullDirectoryIndexSize=150
[2024.04.05-18.04.06:322][  0]LogShaderLibrary: Display: ShaderCodeLibraryPakFileMountedCallback: PakFile 'G:/Загрузки/GTAV/UE_4.27/FeaturePacks/TP_HandheldARBP.upack' (chunk index -1, root 'root:/') mounted
[2024.04.05-18.04.06:322][  0]LogShaderLibrary: Display: ShaderCodeLibraryPakFileMountedCallback: pending pak file info (ChunkID:-1 Root:root:/ File:G:/Загрузки/GTAV/UE_4.27/FeaturePacks/TP_HandheldARBP.upack)
[2024.04.05-18.04.06:322][  0]LogPakFile: OnPakFileMounted2Time == 0.000029
[2024.04.05-18.04.06:322][  0]LogPakFile: PakFile PrimaryIndexSize=182
[2024.04.05-18.04.06:322][  0]LogPakFile: PakFile PathHashIndexSize=101
[2024.04.05-18.04.06:322][  0]LogPakFile: PakFile FullDirectoryIndexSize=138
[2024.04.05-18.04.06:322][  0]LogShaderLibrary: Display: ShaderCodeLibraryPakFileMountedCallback: PakFile 'G:/Загрузки/GTAV/UE_4.27/FeaturePacks/TP_Puzzle.upack' (chunk index -1, root 'root:/') mounted
[2024.04.05-18.04.06:322][  0]LogShaderLibrary: Display: ShaderCodeLibraryPakFileMountedCallback: pending pak file info (ChunkID:-1 Root:root:/ File:G:/Загрузки/GTAV/UE_4.27/FeaturePacks/TP_Puzzle.upack)
[2024.04.05-18.04.06:322][  0]LogPakFile: OnPakFileMounted2Time == 0.000029
[2024.04.05-18.04.06:323][  0]LogPakFile: PakFile PrimaryIndexSize=184
[2024.04.05-18.04.06:323][  0]LogPakFile: PakFile PathHashIndexSize=101
[2024.04.05-18.04.06:323][  0]LogPakFile: PakFile FullDirectoryIndexSize=142
[2024.04.05-18.04.06:323][  0]LogShaderLibrary: Display: ShaderCodeLibraryPakFileMountedCallback: PakFile 'G:/Загрузки/GTAV/UE_4.27/FeaturePacks/TP_PuzzleBP.upack' (chunk index -1, root 'root:/') mounted
[2024.04.05-18.04.06:323][  0]LogShaderLibrary: Display: ShaderCodeLibraryPakFileMountedCallback: pending pak file info (ChunkID:-1 Root:root:/ File:G:/Загрузки/GTAV/UE_4.27/FeaturePacks/TP_PuzzleBP.upack)
[2024.04.05-18.04.06:323][  0]LogPakFile: OnPakFileMounted2Time == 0.000029
[2024.04.05-18.04.06:323][  0]LogPakFile: PakFile PrimaryIndexSize=183
[2024.04.05-18.04.06:323][  0]LogPakFile: PakFile PathHashIndexSize=101
[2024.04.05-18.04.06:323][  0]LogPakFile: PakFile FullDirectoryIndexSize=140
[2024.04.05-18.04.06:323][  0]LogShaderLibrary: Display: ShaderCodeLibraryPakFileMountedCallback: PakFile 'G:/Загрузки/GTAV/UE_4.27/FeaturePacks/TP_Rolling.upack' (chunk index -1, root 'root:/') mounted
[2024.04.05-18.04.06:323][  0]LogShaderLibrary: Display: ShaderCodeLibraryPakFileMountedCallback: pending pak file info (ChunkID:-1 Root:root:/ File:G:/Загрузки/GTAV/UE_4.27/FeaturePacks/TP_Rolling.upack)
[2024.04.05-18.04.06:323][  0]LogPakFile: OnPakFileMounted2Time == 0.000029
[2024.04.05-18.04.06:323][  0]LogPakFile: PakFile PrimaryIndexSize=185
[2024.04.05-18.04.06:323][  0]LogPakFile: PakFile PathHashIndexSize=101
[2024.04.05-18.04.06:323][  0]LogPakFile: PakFile FullDirectoryIndexSize=144
[2024.04.05-18.04.06:323][  0]LogShaderLibrary: Display: ShaderCodeLibraryPakFileMountedCallback: PakFile 'G:/Загрузки/GTAV/UE_4.27/FeaturePacks/TP_RollingBP.upack' (chunk index -1, root 'root:/') mounted
[2024.04.05-18.04.06:323][  0]LogShaderLibrary: Display: ShaderCodeLibraryPakFileMountedCallback: pending pak file info (ChunkID:-1 Root:root:/ File:G:/Загрузки/GTAV/UE_4.27/FeaturePacks/TP_RollingBP.upack)
[2024.04.05-18.04.06:323][  0]LogPakFile: OnPakFileMounted2Time == 0.000031
[2024.04.05-18.04.06:324][  0]LogPakFile: PakFile PrimaryIndexSize=188
[2024.04.05-18.04.06:324][  0]LogPakFile: PakFile PathHashIndexSize=101
[2024.04.05-18.04.06:324][  0]LogPakFile: PakFile FullDirectoryIndexSize=150
[2024.04.05-18.04.06:324][  0]LogShaderLibrary: Display: ShaderCodeLibraryPakFileMountedCallback: PakFile 'G:/Загрузки/GTAV/UE_4.27/FeaturePacks/TP_SideScroller.upack' (chunk index -1, root 'root:/') mounted
[2024.04.05-18.04.06:324][  0]LogShaderLibrary: Display: ShaderCodeLibraryPakFileMountedCallback: pending pak file info (ChunkID:-1 Root:root:/ File:G:/Загрузки/GTAV/UE_4.27/FeaturePacks/TP_SideScroller.upack)
[2024.04.05-18.04.06:324][  0]LogPakFile: OnPakFileMounted2Time == 0.000029
[2024.04.05-18.04.06:324][  0]LogPakFile: PakFile PrimaryIndexSize=190
[2024.04.05-18.04.06:324][  0]LogPakFile: PakFile PathHashIndexSize=101
[2024.04.05-18.04.06:324][  0]LogPakFile: PakFile FullDirectoryIndexSize=154
[2024.04.05-18.04.06:324][  0]LogShaderLibrary: Display: ShaderCodeLibraryPakFileMountedCallback: PakFile 'G:/Загрузки/GTAV/UE_4.27/FeaturePacks/TP_SideScrollerBP.upack' (chunk index -1, root 'root:/') mounted
[2024.04.05-18.04.06:324][  0]LogShaderLibrary: Display: ShaderCodeLibraryPakFileMountedCallback: pending pak file info (ChunkID:-1 Root:root:/ File:G:/Загрузки/GTAV/UE_4.27/FeaturePacks/TP_SideScrollerBP.upack)
[2024.04.05-18.04.06:324][  0]LogPakFile: OnPakFileMounted2Time == 0.000029
[2024.04.05-18.04.06:324][  0]LogPakFile: PakFile PrimaryIndexSize=187
[2024.04.05-18.04.06:324][  0]LogPakFile: PakFile PathHashIndexSize=101
[2024.04.05-18.04.06:324][  0]LogPakFile: PakFile FullDirectoryIndexSize=148
[2024.04.05-18.04.06:324][  0]LogShaderLibrary: Display: ShaderCodeLibraryPakFileMountedCallback: PakFile 'G:/Загрузки/GTAV/UE_4.27/FeaturePacks/TP_ThirdPerson.upack' (chunk index -1, root 'root:/') mounted
[2024.04.05-18.04.06:324][  0]LogShaderLibrary: Display: ShaderCodeLibraryPakFileMountedCallback: pending pak file info (ChunkID:-1 Root:root:/ File:G:/Загрузки/GTAV/UE_4.27/FeaturePacks/TP_ThirdPerson.upack)
[2024.04.05-18.04.06:324][  0]LogPakFile: OnPakFileMounted2Time == 0.000029
[2024.04.05-18.04.06:325][  0]LogPakFile: PakFile PrimaryIndexSize=189
[2024.04.05-18.04.06:325][  0]LogPakFile: PakFile PathHashIndexSize=101
[2024.04.05-18.04.06:325][  0]LogPakFile: PakFile FullDirectoryIndexSize=152
[2024.04.05-18.04.06:325][  0]LogShaderLibrary: Display: ShaderCodeLibraryPakFileMountedCallback: PakFile 'G:/Загрузки/GTAV/UE_4.27/FeaturePacks/TP_ThirdPersonBP.upack' (chunk index -1, root 'root:/') mounted
[2024.04.05-18.04.06:325][  0]LogShaderLibrary: Display: ShaderCodeLibraryPakFileMountedCallback: pending pak file info (ChunkID:-1 Root:root:/ File:G:/Загрузки/GTAV/UE_4.27/FeaturePacks/TP_ThirdPersonBP.upack)
[2024.04.05-18.04.06:325][  0]LogPakFile: OnPakFileMounted2Time == 0.000029
[2024.04.05-18.04.06:325][  0]LogPakFile: PakFile PrimaryIndexSize=183
[2024.04.05-18.04.06:325][  0]LogPakFile: PakFile PathHashIndexSize=101
[2024.04.05-18.04.06:325][  0]LogPakFile: PakFile FullDirectoryIndexSize=140
[2024.04.05-18.04.06:325][  0]LogShaderLibrary: Display: ShaderCodeLibraryPakFileMountedCallback: PakFile 'G:/Загрузки/GTAV/UE_4.27/FeaturePacks/TP_TopDown.upack' (chunk index -1, root 'root:/') mounted
[2024.04.05-18.04.06:325][  0]LogShaderLibrary: Display: ShaderCodeLibraryPakFileMountedCallback: pending pak file info (ChunkID:-1 Root:root:/ File:G:/Загрузки/GTAV/UE_4.27/FeaturePacks/TP_TopDown.upack)
[2024.04.05-18.04.06:325][  0]LogPakFile: OnPakFileMounted2Time == 0.000034
[2024.04.05-18.04.06:325][  0]LogPakFile: PakFile PrimaryIndexSize=185
[2024.04.05-18.04.06:325][  0]LogPakFile: PakFile PathHashIndexSize=101
[2024.04.05-18.04.06:325][  0]LogPakFile: PakFile FullDirectoryIndexSize=144
[2024.04.05-18.04.06:325][  0]LogShaderLibrary: Display: ShaderCodeLibraryPakFileMountedCallback: PakFile 'G:/Загрузки/GTAV/UE_4.27/FeaturePacks/TP_TopDownBP.upack' (chunk index -1, root 'root:/') mounted
[2024.04.05-18.04.06:325][  0]LogShaderLibrary: Display: ShaderCodeLibraryPakFileMountedCallback: pending pak file info (ChunkID:-1 Root:root:/ File:G:/Загрузки/GTAV/UE_4.27/FeaturePacks/TP_TopDownBP.upack)
[2024.04.05-18.04.06:325][  0]LogPakFile: OnPakFileMounted2Time == 0.000029
[2024.04.05-18.04.06:326][  0]LogPakFile: PakFile PrimaryIndexSize=185
[2024.04.05-18.04.06:326][  0]LogPakFile: PakFile PathHashIndexSize=101
[2024.04.05-18.04.06:326][  0]LogPakFile: PakFile FullDirectoryIndexSize=144
[2024.04.05-18.04.06:326][  0]LogShaderLibrary: Display: ShaderCodeLibraryPakFileMountedCallback: PakFile 'G:/Загрузки/GTAV/UE_4.27/FeaturePacks/TP_TwinStick.upack' (chunk index -1, root 'root:/') mounted
[2024.04.05-18.04.06:326][  0]LogShaderLibrary: Display: ShaderCodeLibraryPakFileMountedCallback: pending pak file info (ChunkID:-1 Root:root:/ File:G:/Загрузки/GTAV/UE_4.27/FeaturePacks/TP_TwinStick.upack)
[2024.04.05-18.04.06:326][  0]LogPakFile: OnPakFileMounted2Time == 0.000029
[2024.04.05-18.04.06:326][  0]LogPakFile: PakFile PrimaryIndexSize=187
[2024.04.05-18.04.06:326][  0]LogPakFile: PakFile PathHashIndexSize=101
[2024.04.05-18.04.06:326][  0]LogPakFile: PakFile FullDirectoryIndexSize=148
[2024.04.05-18.04.06:326][  0]LogShaderLibrary: Display: ShaderCodeLibraryPakFileMountedCallback: PakFile 'G:/Загрузки/GTAV/UE_4.27/FeaturePacks/TP_TwinStickBP.upack' (chunk index -1, root 'root:/') mounted
[2024.04.05-18.04.06:326][  0]LogShaderLibrary: Display: ShaderCodeLibraryPakFileMountedCallback: pending pak file info (ChunkID:-1 Root:root:/ File:G:/Загрузки/GTAV/UE_4.27/FeaturePacks/TP_TwinStickBP.upack)
[2024.04.05-18.04.06:326][  0]LogPakFile: OnPakFileMounted2Time == 0.000029
[2024.04.05-18.04.06:326][  0]LogPakFile: PakFile PrimaryIndexSize=183
[2024.04.05-18.04.06:326][  0]LogPakFile: PakFile PathHashIndexSize=101
[2024.04.05-18.04.06:326][  0]LogPakFile: PakFile FullDirectoryIndexSize=140
[2024.04.05-18.04.06:326][  0]LogShaderLibrary: Display: ShaderCodeLibraryPakFileMountedCallback: PakFile 'G:/Загрузки/GTAV/UE_4.27/FeaturePacks/TP_Vehicle.upack' (chunk index -1, root 'root:/') mounted
[2024.04.05-18.04.06:326][  0]LogShaderLibrary: Display: ShaderCodeLibraryPakFileMountedCallback: pending pak file info (ChunkID:-1 Root:root:/ File:G:/Загрузки/GTAV/UE_4.27/FeaturePacks/TP_Vehicle.upack)
[2024.04.05-18.04.06:326][  0]LogPakFile: OnPakFileMounted2Time == 0.000030
[2024.04.05-18.04.06:327][  0]LogPakFile: PakFile PrimaryIndexSize=186
[2024.04.05-18.04.06:327][  0]LogPakFile: PakFile PathHashIndexSize=101
[2024.04.05-18.04.06:327][  0]LogPakFile: PakFile FullDirectoryIndexSize=146
[2024.04.05-18.04.06:327][  0]LogShaderLibrary: Display: ShaderCodeLibraryPakFileMountedCallback: PakFile 'G:/Загрузки/GTAV/UE_4.27/FeaturePacks/TP_VehicleAdv.upack' (chunk index -1, root 'root:/') mounted
[2024.04.05-18.04.06:327][  0]LogShaderLibrary: Display: ShaderCodeLibraryPakFileMountedCallback: pending pak file info (ChunkID:-1 Root:root:/ File:G:/Загрузки/GTAV/UE_4.27/FeaturePacks/TP_VehicleAdv.upack)
[2024.04.05-18.04.06:327][  0]LogPakFile: OnPakFileMounted2Time == 0.000029
[2024.04.05-18.04.06:327][  0]LogPakFile: PakFile PrimaryIndexSize=188
[2024.04.05-18.04.06:327][  0]LogPakFile: PakFile PathHashIndexSize=101
[2024.04.05-18.04.06:327][  0]LogPakFile: PakFile FullDirectoryIndexSize=150
[2024.04.05-18.04.06:327][  0]LogShaderLibrary: Display: ShaderCodeLibraryPakFileMountedCallback: PakFile 'G:/Загрузки/GTAV/UE_4.27/FeaturePacks/TP_VehicleAdvBP.upack' (chunk index -1, root 'root:/') mounted
[2024.04.05-18.04.06:327][  0]LogShaderLibrary: Display: ShaderCodeLibraryPakFileMountedCallback: pending pak file info (ChunkID:-1 Root:root:/ File:G:/Загрузки/GTAV/UE_4.27/FeaturePacks/TP_VehicleAdvBP.upack)
[2024.04.05-18.04.06:327][  0]LogPakFile: OnPakFileMounted2Time == 0.000030
[2024.04.05-18.04.06:327][  0]LogPakFile: PakFile PrimaryIndexSize=185
[2024.04.05-18.04.06:327][  0]LogPakFile: PakFile PathHashIndexSize=101
[2024.04.05-18.04.06:327][  0]LogPakFile: PakFile FullDirectoryIndexSize=144
[2024.04.05-18.04.06:327][  0]LogShaderLibrary: Display: ShaderCodeLibraryPakFileMountedCallback: PakFile 'G:/Загрузки/GTAV/UE_4.27/FeaturePacks/TP_VehicleBP.upack' (chunk index -1, root 'root:/') mounted
[2024.04.05-18.04.06:327][  0]LogShaderLibrary: Display: ShaderCodeLibraryPakFileMountedCallback: pending pak file info (ChunkID:-1 Root:root:/ File:G:/Загрузки/GTAV/UE_4.27/FeaturePacks/TP_VehicleBP.upack)
[2024.04.05-18.04.06:327][  0]LogPakFile: OnPakFileMounted2Time == 0.000029
[2024.04.05-18.04.06:328][  0]LogPakFile: PakFile PrimaryIndexSize=192
[2024.04.05-18.04.06:328][  0]LogPakFile: PakFile PathHashIndexSize=101
[2024.04.05-18.04.06:328][  0]LogPakFile: PakFile FullDirectoryIndexSize=158
[2024.04.05-18.04.06:328][  0]LogShaderLibrary: Display: ShaderCodeLibraryPakFileMountedCallback: PakFile 'G:/Загрузки/GTAV/UE_4.27/FeaturePacks/TP_VirtualRealityBP.upack' (chunk index -1, root 'root:/') mounted
[2024.04.05-18.04.06:328][  0]LogShaderLibrary: Display: ShaderCodeLibraryPakFileMountedCallback: pending pak file info (ChunkID:-1 Root:root:/ File:G:/Загрузки/GTAV/UE_4.27/FeaturePacks/TP_VirtualRealityBP.upack)
[2024.04.05-18.04.06:328][  0]LogPakFile: OnPakFileMounted2Time == 0.000029
[2024.04.05-18.04.06:350][  0]LogNativeClassHierarchy: Verbose: Native class hierarchy updated for 'AddContentDialog' in 0.0003 seconds. Added 0 classes and 0 folders.
[2024.04.05-18.04.06:351][  0]LogNativeClassHierarchy: Verbose: Native class hierarchy updated for 'SceneOutliner' in 0.0002 seconds. Added 2 classes and 0 folders.
[2024.04.05-18.04.06:382][  0]LogSlate: Took 0.000306 seconds to synchronously load lazily loaded font '../../../Engine/Content/Slate/Fonts/Roboto-Regular.ttf' (155K)
[2024.04.05-18.04.06:387][  0]LogSlate: Took 0.000302 seconds to synchronously load lazily loaded font '../../../Engine/Content/Editor/Slate/Fonts/FontAwesome.ttf' (139K)
[2024.04.05-18.04.06:391][  0]LogSlate: Took 0.000328 seconds to synchronously load lazily loaded font '../../../Engine/Content/Slate/Fonts/Roboto-Bold.ttf' (160K)
[2024.04.05-18.04.06:499][  0]LogRenderer: Reallocating scene render targets to support 1068x556 Format 10 NumSamples 1 (Frame:1).
[2024.04.05-18.04.06:984][  0]LogNativeClassHierarchy: Verbose: Native class hierarchy updated for 'HierarchicalLODOutliner' in 0.0002 seconds. Added 0 classes and 0 folders.
[2024.04.05-18.04.06:985][  0]LogInput: Warning: Action SetDestination uses invalid key OculusGo_Left_Trigger_Click.
[2024.04.05-18.04.06:985][  0]LogInput: Warning: Action ResetVR uses invalid key OculusGo_Left_Back_Click.
[2024.04.05-18.04.06:985][  0]LogInput: Warning: Use -RemoveInvalidKeys to remove instances of these keys from the action mapping.
[2024.04.05-18.04.06:985][  0]LogLoad: (Engine Initialization) Total time: 8.73 seconds
[2024.04.05-18.04.06:985][  0]LogLoad: (Engine Initialization) Total Blueprint compile time: 0.00 seconds
[2024.04.05-18.04.07:029][  0]LogAssetRegistry: Asset discovery search completed in 4.1577 seconds
[2024.04.05-18.04.07:034][  0]LogCollectionManager: Fixed up redirectors for 0 collections in 0.000003 seconds (updated 0 objects)
[2024.04.05-18.04.07:034][  0]LogContentStreaming: Texture pool size now 1000 MB
[2024.04.05-18.04.07:119][  0]LogSlate: Took 0.000090 seconds to synchronously load lazily loaded font '../../../Engine/Content/Slate/Fonts/DroidSansMono.ttf' (77K)
[2024.04.05-18.04.07:402][  2]LogSlate: Took 0.000119 seconds to synchronously load lazily loaded font '../../../Engine/Content/Slate/Fonts/Roboto-Light.ttf' (167K)
[2024.04.05-18.04.10:637][370]LogEditorViewport: Clicking on Actor (LMB): StaticMeshActor (Cube26)
[2024.04.05-18.04.12:135][524]Cmd: DELETE
[2024.04.05-18.04.12:142][524]Cmd: ACTOR DELETE
[2024.04.05-18.04.12:545][524]LogEditorActor: Deleted Actor: StaticMeshActor
[2024.04.05-18.04.12:589][524]LogUObjectHash: Compacting FUObjectHashTables data took   1.77ms
[2024.04.05-18.04.12:591][524]LogEditorActor: Deleted 1 Actors (0.177 secs)
[2024.04.05-18.04.13:602][635]LogEditorViewport: Clicking on Actor (LMB): StaticMeshActor (Cube14)
[2024.04.05-18.04.14:370][723]Cmd: DELETE
[2024.04.05-18.04.14:370][723]Cmd: ACTOR DELETE
[2024.04.05-18.04.14:372][723]LogEditorActor: Deleted Actor: StaticMeshActor
[2024.04.05-18.04.14:379][723]LogUObjectHash: Compacting FUObjectHashTables data took   0.22ms
[2024.04.05-18.04.14:380][723]LogEditorActor: Deleted 1 Actors (0.010 secs)
[2024.04.05-18.04.15:140][813]LogEditorViewport: Clicking on Actor (LMB): SphereReflectionCapture (SphereReflectionCapture)
[2024.04.05-18.04.16:099][911]LogEditorViewport: Clicking on Actor (LMB): StaticMeshActor (Cube21)
[2024.04.05-18.04.16:672][972]Cmd: DELETE
[2024.04.05-18.04.16:673][972]Cmd: ACTOR DELETE
[2024.04.05-18.04.16:674][972]LogEditorActor: Deleted Actor: StaticMeshActor
[2024.04.05-18.04.16:681][972]LogUObjectHash: Compacting FUObjectHashTables data took   0.23ms
[2024.04.05-18.04.16:682][972]LogEditorActor: Deleted 1 Actors (0.009 secs)
[2024.04.05-18.04.17:348][ 52]LogEditorViewport: Clicking on Actor (LMB): StaticMeshActor (Cube31)
[2024.04.05-18.04.17:739][ 95]Cmd: DELETE
[2024.04.05-18.04.17:739][ 95]Cmd: ACTOR DELETE
[2024.04.05-18.04.17:740][ 95]LogEditorActor: Deleted Actor: StaticMeshActor
[2024.04.05-18.04.17:747][ 95]LogUObjectHash: Compacting FUObjectHashTables data took   0.22ms
[2024.04.05-18.04.17:748][ 95]LogEditorActor: Deleted 1 Actors (0.008 secs)
[2024.04.05-18.04.18:364][168]LogEditorViewport: Clicking on Actor (LMB): StaticMeshActor (Cube20)
[2024.04.05-18.04.18:751][210]Cmd: DELETE
[2024.04.05-18.04.18:751][210]Cmd: ACTOR DELETE
[2024.04.05-18.04.18:752][210]LogEditorActor: Deleted Actor: StaticMeshActor
[2024.04.05-18.04.18:760][210]LogUObjectHash: Compacting FUObjectHashTables data took   0.23ms
[2024.04.05-18.04.18:760][210]LogEditorActor: Deleted 1 Actors (0.009 secs)
[2024.04.05-18.04.19:400][286]LogEditorViewport: Clicking on Actor (LMB): StaticMeshActor (Cube30)
[2024.04.05-18.04.19:575][303]Cmd: DELETE
[2024.04.05-18.04.19:575][303]Cmd: ACTOR DELETE
[2024.04.05-18.04.19:576][303]LogEditorActor: Deleted Actor: StaticMeshActor
[2024.04.05-18.04.19:583][303]LogUObjectHash: Compacting FUObjectHashTables data took   0.22ms
[2024.04.05-18.04.19:584][303]LogEditorActor: Deleted 1 Actors (0.009 secs)
[2024.04.05-18.04.19:937][342]LogEditorViewport: Clicking on Actor (LMB): StaticMeshActor (Cube29)
[2024.04.05-18.04.20:117][360]Cmd: DELETE
[2024.04.05-18.04.20:117][360]Cmd: ACTOR DELETE
[2024.04.05-18.04.20:119][360]LogEditorActor: Deleted Actor: StaticMeshActor
[2024.04.05-18.04.20:126][360]LogUObjectHash: Compacting FUObjectHashTables data took   0.22ms
[2024.04.05-18.04.20:127][360]LogEditorActor: Deleted 1 Actors (0.009 secs)
[2024.04.05-18.04.20:512][403]LogEditorViewport: Clicking on Actor (LMB): StaticMeshActor (Cube27)
[2024.04.05-18.04.20:633][414]Cmd: DELETE
[2024.04.05-18.04.20:633][414]Cmd: ACTOR DELETE
[2024.04.05-18.04.20:634][414]LogEditorActor: Deleted Actor: StaticMeshActor
[2024.04.05-18.04.20:641][414]LogUObjectHash: Compacting FUObjectHashTables data took   0.23ms
[2024.04.05-18.04.20:642][414]LogEditorActor: Deleted 1 Actors (0.009 secs)
[2024.04.05-18.04.21:744][531]LogEditorViewport: Clicking on Actor (LMB): StaticMeshActor (Cube10)
[2024.04.05-18.04.21:845][539]Cmd: DELETE
[2024.04.05-18.04.21:845][539]Cmd: ACTOR DELETE
[2024.04.05-18.04.21:846][539]LogEditorActor: Deleted Actor: StaticMeshActor
[2024.04.05-18.04.21:853][539]LogUObjectHash: Compacting FUObjectHashTables data took   0.22ms
[2024.04.05-18.04.21:853][539]LogEditorActor: Deleted 1 Actors (0.009 secs)
[2024.04.05-18.04.22:227][583]LogEditorViewport: Clicking on Actor (LMB): StaticMeshActor (Cube28)
[2024.04.05-18.04.22:304][588]Cmd: DELETE
[2024.04.05-18.04.22:304][588]Cmd: ACTOR DELETE
[2024.04.05-18.04.22:306][588]LogEditorActor: Deleted Actor: StaticMeshActor
[2024.04.05-18.04.22:314][588]LogUObjectHash: Compacting FUObjectHashTables data took   0.23ms
[2024.04.05-18.04.22:314][588]LogEditorActor: Deleted 1 Actors (0.010 secs)
[2024.04.05-18.04.23:994][787]LogEditorViewport: Clicking on Actor (CTRL LMB): StaticMeshActor (Cube8)
[2024.04.05-18.04.24:504][842]LogEditorViewport: Clicking on Actor (CTRL LMB): StaticMeshActor (Cube24)
[2024.04.05-18.04.25:909][996]LogEditorViewport: Clicking on Actor (CTRL LMB): StaticMeshActor (Cube)
[2024.04.05-18.04.26:305][ 40]LogEditorViewport: Clicking on Actor (CTRL LMB): StaticMeshActor (Cube23)
[2024.04.05-18.04.26:696][ 83]LogEditorViewport: Clicking on Actor (CTRL LMB): StaticMeshActor (Cube22)
[2024.04.05-18.04.27:111][129]LogEditorViewport: Clicking on Actor (CTRL LMB): StaticMeshActor (Cube2)
[2024.04.05-18.04.27:723][199]LogEditorViewport: Clicking on Actor (CTRL LMB): StaticMeshActor (Cube4)
[2024.04.05-18.04.29:718][433]LogEditorViewport: Clicking on Actor (CTRL LMB): StaticMeshActor (Cube17)
[2024.04.05-18.04.31:470][640]Cmd: DELETE
[2024.04.05-18.04.31:470][640]Cmd: ACTOR DELETE
[2024.04.05-18.04.31:472][640]LogEditorActor: Deleted Actor: StaticMeshActor
[2024.04.05-18.04.31:472][640]LogEditorActor: Deleted Actor: StaticMeshActor
[2024.04.05-18.04.31:473][640]LogEditorActor: Deleted Actor: StaticMeshActor
[2024.04.05-18.04.31:473][640]LogEditorActor: Deleted Actor: StaticMeshActor
[2024.04.05-18.04.31:473][640]LogEditorActor: Deleted Actor: StaticMeshActor
[2024.04.05-18.04.31:473][640]LogEditorActor: Deleted Actor: StaticMeshActor
[2024.04.05-18.04.31:473][640]LogEditorActor: Deleted Actor: StaticMeshActor
[2024.04.05-18.04.31:473][640]LogEditorActor: Deleted Actor: StaticMeshActor
[2024.04.05-18.04.31:480][640]LogUObjectHash: Compacting FUObjectHashTables data took   0.21ms
[2024.04.05-18.04.31:481][640]LogEditorActor: Deleted 8 Actors (0.011 secs)
[2024.04.05-18.04.34:323][976]LogEditorViewport: Clicking on Actor (LMB): StaticMeshActor (Cube25)
[2024.04.05-18.04.34:977][ 51]Cmd: DELETE
[2024.04.05-18.04.34:977][ 51]Cmd: ACTOR DELETE
[2024.04.05-18.04.34:979][ 51]LogEditorActor: Deleted Actor: StaticMeshActor
[2024.04.05-18.04.34:986][ 51]LogUObjectHash: Compacting FUObjectHashTables data took   0.23ms
[2024.04.05-18.04.34:986][ 51]LogEditorActor: Deleted 1 Actors (0.009 secs)
[2024.04.05-18.04.38:436][434]LogSlate: Took 0.000104 seconds to synchronously load lazily loaded font '../../../Engine/Content/Slate/Fonts/Roboto-Light.ttf' (167K)
[2024.04.05-18.04.38:508][434]LogUObjectHash: Compacting FUObjectHashTables data took   0.24ms
[2024.04.05-18.04.38:717][434]LogSavePackage: Moving '../../../../../../play/IliaZaicev-Simulator/IliaZaicevSimulator/Saved/TopDownExampleMap7A3D9EAF4DA6B2E01F7746951514B339.tmp' to '../../../../../../play/IliaZaicev-Simulator/IliaZaicevSimulator/Content/TopDownBP/Maps/TopDownExampleMap.umap'
[2024.04.05-18.04.38:823][434]AssetCheck: New page: Asset Save: TopDownExampleMap
[2024.04.05-18.04.38:823][434]LogContentValidation: Display: Validating World /Game/TopDownBP/Maps/TopDownExampleMap.TopDownExampleMap
[2024.04.05-18.04.54:565][858]LogAudioMixer: Display: Audio Buffer Underrun (starvation) detected.
